#
# There is insufficient memory for the Java Runtime Environment to continue.
# Native memory allocation (malloc) failed to allocate 1158176 bytes for Chunk::new
# Possible reasons:
#   The system is out of physical RAM or swap space
#   The process is running with CompressedOops enabled, and the Java Heap may be blocking the growth of the native heap
# Possible solutions:
#   Reduce memory load on the system
#   Increase physical memory or swap space
#   Check if swap backing store is full
#   Decrease Java heap size (-Xmx/-Xms)
#   Decrease number of Java threads
#   Decrease Java thread stack sizes (-Xss)
#   Set larger code cache with -XX:ReservedCodeCacheSize=
#   JVM is running with Zero Based Compressed Oops mode in which the Java heap is
#     placed in the first 32GB address space. The Java Heap base address is the
#     maximum limit for the native heap growth. Please use -XX:HeapBaseMinAddress
#     to set the Java Heap base and to place the Java Heap above 32GB virtual address.
# This output file may be truncated or incomplete.
#
#  Out of Memory Error (arena.cpp:189), pid=20064, tid=14968
#
# JRE version: OpenJDK Runtime Environment (17.0.7) (build 17.0.7+0-b2043.56-10550314)
# Java VM: OpenJDK 64-Bit Server VM (17.0.7+0-b2043.56-10550314, mixed mode, tiered, compressed oops, compressed class ptrs, g1 gc, windows-amd64)
# No core dump will be written. Minidumps are not enabled by default on client versions of Windows
#

---------------  S U M M A R Y ------------

Command Line: -XX:MaxMetaspaceSize=2G -XX:+HeapDumpOnOutOfMemoryError --add-opens=java.base/java.util=ALL-UNNAMED --add-opens=java.base/java.lang=ALL-UNNAMED --add-opens=java.base/java.lang.invoke=ALL-UNNAMED --add-opens=java.prefs/java.util.prefs=ALL-UNNAMED --add-opens=java.base/java.nio.charset=ALL-UNNAMED --add-opens=java.base/java.net=ALL-UNNAMED --add-opens=java.base/java.util.concurrent.atomic=ALL-UNNAMED -Xmx4G -Dfile.encoding=windows-1252 -Duser.country=IN -Duser.language=en -Duser.variant -javaagent:C:\Users\Praveen Chandra\.gradle\wrapper\dists\gradle-8.3-all\6en3ugtfdg5xnpx44z4qbwgas\gradle-8.3\lib\agents\gradle-instrumentation-agent-8.3.jar org.gradle.launcher.daemon.bootstrap.GradleDaemon 8.3

Host: Intel(R) Core(TM) i7-10750H CPU @ 2.60GHz, 12 cores, 7G,  Windows 11 , 64 bit Build 26100 (10.0.26100.3037)
Time: Wed Feb 12 20:43:16 2025 India Standard Time elapsed time: 155.119463 seconds (0d 0h 2m 35s)

---------------  T H R E A D  ---------------

Current thread (0x000001f07f1156e0):  JavaThread "C2 CompilerThread2" daemon [_thread_in_native, id=14968, stack(0x000000284a100000,0x000000284a200000)]


Current CompileTask:
C2: 155120 23526 %     4       org.objectweb.asm.ClassReader::readCode @ 92 (5117 bytes)

Stack: [0x000000284a100000,0x000000284a200000]
Native frames: (J=compiled Java code, j=interpreted, Vv=VM code, C=native code)
V  [jvm.dll+0x683bfa]
V  [jvm.dll+0x8430a4]
V  [jvm.dll+0x8449be]
V  [jvm.dll+0x845023]
V  [jvm.dll+0x24ad2f]
V  [jvm.dll+0xac25c]
V  [jvm.dll+0xac82c]
V  [jvm.dll+0x2b218f]
V  [jvm.dll+0x58c2f7]
V  [jvm.dll+0x225a12]
V  [jvm.dll+0x225def]
V  [jvm.dll+0x21f0b5]
V  [jvm.dll+0x21c56b]
V  [jvm.dll+0x1a605d]
V  [jvm.dll+0x22c148]
V  [jvm.dll+0x22a209]
V  [jvm.dll+0x7f858c]
V  [jvm.dll+0x7f2aea]
V  [jvm.dll+0x682a35]
C  [ucrtbase.dll+0x37b0]
C  [KERNEL32.DLL+0x2e8d7]
C  [ntdll.dll+0xbbf2c]


---------------  P R O C E S S  ---------------

Threads class SMR info:
_java_thread_list=0x000001f07a678940, length=76, elements={
0x000001f055bc8650, 0x000001f07492eae0, 0x000001f075421540, 0x000001f07546e5b0,
0x000001f075470e80, 0x000001f075473750, 0x000001f075474010, 0x000001f075474c00,
0x000001f075475500, 0x000001f075475e00, 0x000001f0755c0990, 0x000001f07573a860,
0x000001f07b7164f0, 0x000001f07a5c69b0, 0x000001f07a5c7350, 0x000001f07a5c9500,
0x000001f07a5c9030, 0x000001f07a5c7cf0, 0x000001f07a5c7820, 0x000001f07a5c81c0,
0x000001f07a5c8690, 0x000001f07a5c99d0, 0x000001f07a5c9ea0, 0x000001f07a5ca370,
0x000001f07a5c6e80, 0x000001f07bdc37e0, 0x000001f07bdc6800, 0x000001f07bdc2e40,
0x000001f07bdc6330, 0x000001f07bdc3310, 0x000001f07bdc6cd0, 0x000001f07bdc4650,
0x000001f07bdc5990, 0x000001f07bdc4ff0, 0x000001f07bdc4b20, 0x000001f07e110e10,
0x000001f07e111c80, 0x000001f07e1117b0, 0x000001f07e10f130, 0x000001f07e10ec60,
0x000001f07e114ca0, 0x000001f07e113e30, 0x000001f07e114300, 0x000001f07e110470,
0x000001f07e115640, 0x000001f0071d3a00, 0x000001f0071da3e0, 0x000001f0071d6a20,
0x000001f0083e80e0, 0x000001f0083e8f50, 0x000001f07d5390f0, 0x000001f07d538750,
0x000001f07d537410, 0x000001f07d538c20, 0x000001f07d537db0, 0x000001f07d5378e0,
0x000001f07d535730, 0x000001f07d538280, 0x000001f07d5395c0, 0x000001f07d5365a0,
0x000001f07d535c00, 0x000001f07d539a90, 0x000001f07d5360d0, 0x000001f07d53a430,
0x000001f07d539f60, 0x000001f07d536a70, 0x000001f07d53a900, 0x000001f07d536f40,
0x000001f07d53b2a0, 0x000001f07c672940, 0x000001f07f1156e0, 0x000001f07d53c5e0,
0x000001f07d53b770, 0x000001f07d53c110, 0x000001f07d53cab0, 0x000001f07d53cf80
}

Java Threads: ( => current thread )
  0x000001f055bc8650 JavaThread "main" [_thread_blocked, id=4108, stack(0x0000002844800000,0x0000002844900000)]
  0x000001f07492eae0 JavaThread "Reference Handler" daemon [_thread_blocked, id=22488, stack(0x0000002844f00000,0x0000002845000000)]
  0x000001f075421540 JavaThread "Finalizer" daemon [_thread_blocked, id=26216, stack(0x0000002845000000,0x0000002845100000)]
  0x000001f07546e5b0 JavaThread "Signal Dispatcher" daemon [_thread_blocked, id=18072, stack(0x0000002845100000,0x0000002845200000)]
  0x000001f075470e80 JavaThread "Attach Listener" daemon [_thread_blocked, id=25148, stack(0x0000002845200000,0x0000002845300000)]
  0x000001f075473750 JavaThread "Service Thread" daemon [_thread_blocked, id=26264, stack(0x0000002845300000,0x0000002845400000)]
  0x000001f075474010 JavaThread "Monitor Deflation Thread" daemon [_thread_blocked, id=20836, stack(0x0000002845400000,0x0000002845500000)]
  0x000001f075474c00 JavaThread "C2 CompilerThread0" daemon [_thread_in_native, id=16576, stack(0x0000002845500000,0x0000002845600000)]
  0x000001f075475500 JavaThread "C1 CompilerThread0" daemon [_thread_blocked, id=20200, stack(0x0000002845600000,0x0000002845700000)]
  0x000001f075475e00 JavaThread "Sweeper thread" daemon [_thread_blocked, id=12836, stack(0x0000002845700000,0x0000002845800000)]
  0x000001f0755c0990 JavaThread "Common-Cleaner" daemon [_thread_blocked, id=8408, stack(0x0000002845800000,0x0000002845900000)]
  0x000001f07573a860 JavaThread "Notification Thread" daemon [_thread_blocked, id=2084, stack(0x0000002845900000,0x0000002845a00000)]
  0x000001f07b7164f0 JavaThread "Daemon health stats" [_thread_blocked, id=23704, stack(0x0000002846000000,0x0000002846100000)]
  0x000001f07a5c69b0 JavaThread "Incoming local TCP Connector on port 61537" [_thread_in_native, id=12212, stack(0x0000002845b00000,0x0000002845c00000)]
  0x000001f07a5c7350 JavaThread "Daemon periodic checks" [_thread_blocked, id=26372, stack(0x0000002846200000,0x0000002846300000)]
  0x000001f07a5c9500 JavaThread "Daemon" [_thread_blocked, id=22740, stack(0x0000002846300000,0x0000002846400000)]
  0x000001f07a5c9030 JavaThread "Handler for socket connection from /127.0.0.1:61537 to /127.0.0.1:61538" [_thread_in_native, id=6252, stack(0x0000002846400000,0x0000002846500000)]
  0x000001f07a5c7cf0 JavaThread "Cancel handler" [_thread_blocked, id=26196, stack(0x0000002846500000,0x0000002846600000)]
  0x000001f07a5c7820 JavaThread "Daemon worker" [_thread_blocked, id=13484, stack(0x0000002846600000,0x0000002846700000)]
  0x000001f07a5c81c0 JavaThread "Asynchronous log dispatcher for DefaultDaemonConnection: socket connection from /127.0.0.1:61537 to /127.0.0.1:61538" [_thread_blocked, id=26396, stack(0x0000002846700000,0x0000002846800000)]
  0x000001f07a5c8690 JavaThread "Stdin handler" [_thread_blocked, id=2240, stack(0x0000002846800000,0x0000002846900000)]
  0x000001f07a5c99d0 JavaThread "Daemon client event forwarder" [_thread_blocked, id=2020, stack(0x0000002846900000,0x0000002846a00000)]
  0x000001f07a5c9ea0 JavaThread "Cache worker for journal cache (C:\Users\Praveen Chandra\.gradle\caches\journal-1)" [_thread_blocked, id=16632, stack(0x0000002847000000,0x0000002847100000)]
  0x000001f07a5ca370 JavaThread "File lock request listener" [_thread_in_native, id=4972, stack(0x0000002847100000,0x0000002847200000)]
  0x000001f07a5c6e80 JavaThread "Cache worker for file hash cache (C:\Users\Praveen Chandra\.gradle\caches\8.3\fileHashes)" [_thread_blocked, id=5300, stack(0x0000002847300000,0x0000002847400000)]
  0x000001f07bdc37e0 JavaThread "File watcher server" daemon [_thread_in_native, id=11880, stack(0x0000002847400000,0x0000002847500000)]
  0x000001f07bdc6800 JavaThread "File watcher consumer" daemon [_thread_blocked, id=4752, stack(0x0000002847500000,0x0000002847600000)]
  0x000001f07bdc2e40 JavaThread "Cache worker for checksums cache (D:\Flutter\employee-manager\android\.gradle\8.3\checksums)" [_thread_blocked, id=11720, stack(0x0000002847600000,0x0000002847700000)]
  0x000001f07bdc6330 JavaThread "Cache worker for file hash cache (D:\Flutter\employee-manager\android\.gradle\8.3\fileHashes)" [_thread_blocked, id=19324, stack(0x0000002847700000,0x0000002847800000)]
  0x000001f07bdc3310 JavaThread "Cache worker for cache directory md-supplier (C:\Users\Praveen Chandra\.gradle\caches\8.3\md-supplier)" [_thread_blocked, id=396, stack(0x0000002847800000,0x0000002847900000)]
  0x000001f07bdc6cd0 JavaThread "Cache worker for file content cache (C:\Users\Praveen Chandra\.gradle\caches\8.3\fileContent)" [_thread_blocked, id=21148, stack(0x0000002847900000,0x0000002847a00000)]
  0x000001f07bdc4650 JavaThread "Cache worker for cache directory md-rule (C:\Users\Praveen Chandra\.gradle\caches\8.3\md-rule)" [_thread_blocked, id=23872, stack(0x0000002847a00000,0x0000002847b00000)]
  0x000001f07bdc5990 JavaThread "Cache worker for execution history cache (C:\Users\Praveen Chandra\.gradle\caches\8.3\executionHistory)" [_thread_blocked, id=27580, stack(0x0000002847b00000,0x0000002847c00000)]
  0x000001f07bdc4ff0 JavaThread "jar transforms" [_thread_blocked, id=1128, stack(0x0000002847d00000,0x0000002847e00000)]
  0x000001f07bdc4b20 JavaThread "Cache worker for kotlin-dsl (C:\Users\Praveen Chandra\.gradle\caches\8.3\kotlin-dsl)" [_thread_blocked, id=5464, stack(0x0000002847e00000,0x0000002847f00000)]
  0x000001f07e110e10 JavaThread "jar transforms Thread 2" [_thread_blocked, id=19712, stack(0x0000002848000000,0x0000002848100000)]
  0x000001f07e111c80 JavaThread "jar transforms Thread 3" [_thread_blocked, id=20576, stack(0x0000002848200000,0x0000002848300000)]
  0x000001f07e1117b0 JavaThread "Cache worker for dependencies-accessors (D:\Flutter\employee-manager\android\.gradle\8.3\dependencies-accessors)" [_thread_blocked, id=11344, stack(0x0000002848300000,0x0000002848400000)]
  0x000001f07e10f130 JavaThread "Cache worker for Build Output Cleanup Cache (D:\src\flutter\packages\flutter_tools\gradle\.gradle\buildOutputCleanup)" [_thread_blocked, id=21716, stack(0x0000002848400000,0x0000002848500000)]
  0x000001f07e10ec60 JavaThread "Kotlin DSL Writer" [_thread_blocked, id=21760, stack(0x0000002848500000,0x0000002848600000)]
  0x000001f07e114ca0 JavaThread "jar transforms Thread 4" [_thread_blocked, id=26792, stack(0x0000002848600000,0x0000002848700000)]
  0x000001f07e113e30 JavaThread "jar transforms Thread 5" [_thread_blocked, id=23048, stack(0x0000002848700000,0x0000002848800000)]
  0x000001f07e114300 JavaThread "Memory manager" [_thread_blocked, id=21704, stack(0x0000002848800000,0x0000002848900000)]
  0x000001f07e110470 JavaThread "jar transforms Thread 6" [_thread_blocked, id=26084, stack(0x0000002844600000,0x0000002844700000)]
  0x000001f07e115640 JavaThread "jar transforms Thread 7" [_thread_blocked, id=20596, stack(0x0000002848900000,0x0000002848a00000)]
  0x000001f0071d3a00 JavaThread "included builds" [_thread_blocked, id=14320, stack(0x0000002847c00000,0x0000002847d00000)]
  0x000001f0071da3e0 JavaThread "Execution worker" [_thread_blocked, id=25836, stack(0x0000002847f00000,0x0000002848000000)]
  0x000001f0071d6a20 JavaThread "Execution worker Thread 2" [_thread_blocked, id=24376, stack(0x0000002848b00000,0x0000002848c00000)]
  0x000001f0083e80e0 JavaThread "Execution worker Thread 3" [_thread_blocked, id=24912, stack(0x0000002848c00000,0x0000002848d00000)]
  0x000001f0083e8f50 JavaThread "Execution worker Thread 4" [_thread_blocked, id=26464, stack(0x0000002848d00000,0x0000002848e00000)]
  0x000001f07d5390f0 JavaThread "Execution worker Thread 5" [_thread_blocked, id=22736, stack(0x0000002848e00000,0x0000002848f00000)]
  0x000001f07d538750 JavaThread "Execution worker Thread 6" [_thread_blocked, id=26908, stack(0x0000002848f00000,0x0000002849000000)]
  0x000001f07d537410 JavaThread "Execution worker Thread 7" [_thread_blocked, id=9440, stack(0x0000002849000000,0x0000002849100000)]
  0x000001f07d538c20 JavaThread "Execution worker Thread 8" [_thread_blocked, id=23412, stack(0x0000002849100000,0x0000002849200000)]
  0x000001f07d537db0 JavaThread "Execution worker Thread 9" [_thread_blocked, id=13152, stack(0x0000002849200000,0x0000002849300000)]
  0x000001f07d5378e0 JavaThread "Execution worker Thread 10" [_thread_blocked, id=18216, stack(0x0000002849300000,0x0000002849400000)]
  0x000001f07d535730 JavaThread "Execution worker Thread 11" [_thread_blocked, id=15976, stack(0x0000002849400000,0x0000002849500000)]
  0x000001f07d538280 JavaThread "Cache worker for execution history cache (D:\src\flutter\packages\flutter_tools\gradle\.gradle\8.3\executionHistory)" [_thread_blocked, id=2060, stack(0x0000002849500000,0x0000002849600000)]
  0x000001f07d5395c0 JavaThread "Unconstrained build operations" [_thread_blocked, id=24568, stack(0x0000002844500000,0x0000002844600000)]
  0x000001f07d5365a0 JavaThread "Unconstrained build operations Thread 2" [_thread_blocked, id=15196, stack(0x0000002849600000,0x0000002849700000)]
  0x000001f07d535c00 JavaThread "Unconstrained build operations Thread 3" [_thread_blocked, id=17464, stack(0x0000002849700000,0x0000002849800000)]
  0x000001f07d539a90 JavaThread "Unconstrained build operations Thread 4" [_thread_blocked, id=20432, stack(0x0000002849800000,0x0000002849900000)]
  0x000001f07d5360d0 JavaThread "Unconstrained build operations Thread 5" [_thread_blocked, id=16812, stack(0x0000002849900000,0x0000002849a00000)]
  0x000001f07d53a430 JavaThread "Unconstrained build operations Thread 6" [_thread_blocked, id=3064, stack(0x0000002849a00000,0x0000002849b00000)]
  0x000001f07d539f60 JavaThread "Unconstrained build operations Thread 7" [_thread_blocked, id=17432, stack(0x0000002849b00000,0x0000002849c00000)]
  0x000001f07d536a70 JavaThread "Unconstrained build operations Thread 8" [_thread_blocked, id=15028, stack(0x0000002849c00000,0x0000002849d00000)]
  0x000001f07d53a900 JavaThread "Unconstrained build operations Thread 9" [_thread_blocked, id=7852, stack(0x0000002849d00000,0x0000002849e00000)]
  0x000001f07d536f40 JavaThread "Unconstrained build operations Thread 10" [_thread_blocked, id=21120, stack(0x0000002849e00000,0x0000002849f00000)]
  0x000001f07d53b2a0 JavaThread "Incoming local TCP Connector on port 61648" [_thread_in_native, id=2288, stack(0x0000002849f00000,0x000000284a000000)]
  0x000001f07c672940 JavaThread "C2 CompilerThread1" daemon [_thread_in_native, id=17580, stack(0x000000284a000000,0x000000284a100000)]
=>0x000001f07f1156e0 JavaThread "C2 CompilerThread2" daemon [_thread_in_native, id=14968, stack(0x000000284a100000,0x000000284a200000)]
  0x000001f07d53c5e0 JavaThread "Exec process" [_thread_in_native, id=24440, stack(0x000000284a200000,0x000000284a300000)]
  0x000001f07d53b770 JavaThread "DisconnectableInputStream source reader" daemon [_thread_blocked, id=10712, stack(0x000000284a300000,0x000000284a400000)]
  0x000001f07d53c110 JavaThread "Exec process Thread 2" [_thread_in_native, id=5440, stack(0x000000284a400000,0x000000284a500000)]
  0x000001f07d53cab0 JavaThread "Exec process Thread 3" [_thread_in_native, id=19144, stack(0x000000284a500000,0x000000284a600000)]
  0x000001f07d53cf80 JavaThread "Exec process Thread 4" [_thread_in_native, id=17016, stack(0x000000284a600000,0x000000284a700000)]

Other Threads:
  0x000001f07492c5a0 VMThread "VM Thread" [stack: 0x0000002844e00000,0x0000002844f00000] [id=25616]
  0x000001f055c4d450 WatcherThread [stack: 0x0000002845a00000,0x0000002845b00000] [id=22720]
  0x000001f055c38f60 GCTaskThread "GC Thread#0" [stack: 0x0000002844900000,0x0000002844a00000] [id=16228]
  0x000001f07aadb2e0 GCTaskThread "GC Thread#1" [stack: 0x0000002845d00000,0x0000002845e00000] [id=24304]
  0x000001f07aadb590 GCTaskThread "GC Thread#2" [stack: 0x0000002845e00000,0x0000002845f00000] [id=10836]
  0x000001f07a9e7890 GCTaskThread "GC Thread#3" [stack: 0x0000002845f00000,0x0000002846000000] [id=24100]
  0x000001f07ae7cbe0 GCTaskThread "GC Thread#4" [stack: 0x0000002845c00000,0x0000002845d00000] [id=27280]
  0x000001f07b16e720 GCTaskThread "GC Thread#5" [stack: 0x0000002846100000,0x0000002846200000] [id=14528]
  0x000001f07c2fca20 GCTaskThread "GC Thread#6" [stack: 0x0000002846a00000,0x0000002846b00000] [id=17216]
  0x000001f07b3ae6f0 GCTaskThread "GC Thread#7" [stack: 0x0000002846b00000,0x0000002846c00000] [id=27064]
  0x000001f07b31aa20 GCTaskThread "GC Thread#8" [stack: 0x0000002846c00000,0x0000002846d00000] [id=19072]
  0x000001f07b0543f0 GCTaskThread "GC Thread#9" [stack: 0x0000002846d00000,0x0000002846e00000] [id=17820]
  0x000001f055c4aa80 ConcurrentGCThread "G1 Main Marker" [stack: 0x0000002844a00000,0x0000002844b00000] [id=8216]
  0x000001f055c4b3a0 ConcurrentGCThread "G1 Conc#0" [stack: 0x0000002844b00000,0x0000002844c00000] [id=25472]
  0x000001f07a31e280 ConcurrentGCThread "G1 Conc#1" [stack: 0x0000002846e00000,0x0000002846f00000] [id=4916]
  0x000001f07b8a0600 ConcurrentGCThread "G1 Conc#2" [stack: 0x0000002846f00000,0x0000002847000000] [id=10112]
  0x000001f055c7b410 ConcurrentGCThread "G1 Refine#0" [stack: 0x0000002844c00000,0x0000002844d00000] [id=24036]
  0x000001f07c26c780 ConcurrentGCThread "G1 Refine#1" [stack: 0x0000002847200000,0x0000002847300000] [id=4280]
  0x000001f07c26ca60 ConcurrentGCThread "G1 Refine#2" [stack: 0x0000002848100000,0x0000002848200000] [id=13556]
  0x000001f07c6735c0 ConcurrentGCThread "G1 Refine#3" [stack: 0x0000002844700000,0x0000002844800000] [id=17944]
  0x000001f055c7bd40 ConcurrentGCThread "G1 Service" [stack: 0x0000002844d00000,0x0000002844e00000] [id=2260]

Threads with active compile tasks:
C2 CompilerThread0   155250 23519       4       org.objectweb.asm.commons.Remapper::mapType (123 bytes)
C2 CompilerThread1   155250 23535       4       org.objectweb.asm.signature.SignatureReader::parseType (411 bytes)
C2 CompilerThread2   155250 23526 %     4       org.objectweb.asm.ClassReader::readCode @ 92 (5117 bytes)

VM state: not at safepoint (normal execution)

VM Mutex/Monitor currently owned by a thread: None

Heap address: 0x0000000700000000, size: 4096 MB, Compressed Oops mode: Zero based, Oop shift amount: 3

CDS archive(s) not mapped
Compressed class space mapped at: 0x0000000800000000-0x0000000840000000, reserved size: 1073741824
Narrow klass base: 0x0000000800000000, Narrow klass shift: 0, Narrow klass range: 0x40000000

GC Precious Log:
 CPUs: 12 total, 12 available
 Memory: 8013M
 Large Page Support: Disabled
 NUMA Support: Disabled
 Compressed Oops: Enabled (Zero based)
 Heap Region Size: 2M
 Heap Min Capacity: 8M
 Heap Initial Capacity: 126M
 Heap Max Capacity: 4G
 Pre-touch: Disabled
 Parallel Workers: 10
 Concurrent Workers: 3
 Concurrent Refinement Workers: 10
 Periodic GC: Disabled

Heap:
 garbage-first heap   total 401408K, used 308205K [0x0000000700000000, 0x0000000800000000)
  region size 2048K, 90 young (184320K), 2 survivors (4096K)
 Metaspace       used 153349K, committed 154048K, reserved 1245184K
  class space    used 19159K, committed 19520K, reserved 1048576K

Heap Regions: E=young(eden), S=young(survivor), O=old, HS=humongous(starts), HC=humongous(continues), CS=collection set, F=free, OA=open archive, CA=closed archive, TAMS=top-at-mark-start (previous, next)
|   0|0x0000000700000000, 0x0000000700200000, 0x0000000700200000|100%|HS|  |TAMS 0x0000000700200000, 0x0000000700000000| Complete 
|   1|0x0000000700200000, 0x0000000700400000, 0x0000000700400000|100%|HC|  |TAMS 0x0000000700400000, 0x0000000700200000| Complete 
|   2|0x0000000700400000, 0x0000000700600000, 0x0000000700600000|100%| O|  |TAMS 0x0000000700600000, 0x0000000700400000| Untracked 
|   3|0x0000000700600000, 0x0000000700800000, 0x0000000700800000|100%| O|  |TAMS 0x0000000700800000, 0x0000000700600000| Untracked 
|   4|0x0000000700800000, 0x00000007009f4800, 0x0000000700a00000| 97%| O|  |TAMS 0x00000007009f4800, 0x0000000700800000| Untracked 
|   5|0x0000000700a00000, 0x0000000700c00000, 0x0000000700c00000|100%| O|  |TAMS 0x0000000700c00000, 0x0000000700a00000| Untracked 
|   6|0x0000000700c00000, 0x0000000700e00000, 0x0000000700e00000|100%| O|  |TAMS 0x0000000700e00000, 0x0000000700c00000| Untracked 
|   7|0x0000000700e00000, 0x0000000701000000, 0x0000000701000000|100%| O|  |TAMS 0x0000000701000000, 0x0000000700e00000| Untracked 
|   8|0x0000000701000000, 0x0000000701200000, 0x0000000701200000|100%| O|  |TAMS 0x0000000701200000, 0x0000000701000000| Untracked 
|   9|0x0000000701200000, 0x0000000701400000, 0x0000000701400000|100%| O|  |TAMS 0x0000000701400000, 0x0000000701200000| Untracked 
|  10|0x0000000701400000, 0x0000000701600000, 0x0000000701600000|100%| O|  |TAMS 0x0000000701600000, 0x0000000701400000| Untracked 
|  11|0x0000000701600000, 0x0000000701800000, 0x0000000701800000|100%| O|  |TAMS 0x0000000701800000, 0x0000000701600000| Untracked 
|  12|0x0000000701800000, 0x0000000701a00000, 0x0000000701a00000|100%| O|  |TAMS 0x0000000701a00000, 0x0000000701800000| Untracked 
|  13|0x0000000701a00000, 0x0000000701c00000, 0x0000000701c00000|100%| O|  |TAMS 0x0000000701c00000, 0x0000000701a00000| Untracked 
|  14|0x0000000701c00000, 0x0000000701e00000, 0x0000000701e00000|100%| O|  |TAMS 0x0000000701e00000, 0x0000000701c00000| Untracked 
|  15|0x0000000701e00000, 0x0000000702000000, 0x0000000702000000|100%| O|  |TAMS 0x0000000702000000, 0x0000000701e00000| Untracked 
|  16|0x0000000702000000, 0x0000000702200000, 0x0000000702200000|100%| O|  |TAMS 0x0000000702200000, 0x0000000702000000| Untracked 
|  17|0x0000000702200000, 0x0000000702400000, 0x0000000702400000|100%| O|  |TAMS 0x0000000702200000, 0x0000000702200000| Untracked 
|  18|0x0000000702400000, 0x0000000702600000, 0x0000000702600000|100%| O|  |TAMS 0x0000000702400000, 0x0000000702400000| Untracked 
|  19|0x0000000702600000, 0x0000000702800000, 0x0000000702800000|100%| O|  |TAMS 0x0000000702600000, 0x0000000702600000| Untracked 
|  20|0x0000000702800000, 0x0000000702a00000, 0x0000000702a00000|100%| O|  |TAMS 0x0000000702a00000, 0x0000000702800000| Untracked 
|  21|0x0000000702a00000, 0x0000000702c00000, 0x0000000702c00000|100%| O|  |TAMS 0x0000000702c00000, 0x0000000702a00000| Untracked 
|  22|0x0000000702c00000, 0x0000000702e00000, 0x0000000702e00000|100%| O|  |TAMS 0x0000000702e00000, 0x0000000702c00000| Untracked 
|  23|0x0000000702e00000, 0x0000000703000000, 0x0000000703000000|100%| O|  |TAMS 0x0000000703000000, 0x0000000702e00000| Untracked 
|  24|0x0000000703000000, 0x0000000703200000, 0x0000000703200000|100%| O|  |TAMS 0x0000000703200000, 0x0000000703000000| Untracked 
|  25|0x0000000703200000, 0x0000000703400000, 0x0000000703400000|100%| O|  |TAMS 0x0000000703400000, 0x0000000703200000| Untracked 
|  26|0x0000000703400000, 0x0000000703600000, 0x0000000703600000|100%| O|  |TAMS 0x0000000703600000, 0x0000000703400000| Untracked 
|  27|0x0000000703600000, 0x0000000703800000, 0x0000000703800000|100%| O|  |TAMS 0x0000000703800000, 0x0000000703600000| Untracked 
|  28|0x0000000703800000, 0x0000000703a00000, 0x0000000703a00000|100%| O|  |TAMS 0x0000000703a00000, 0x0000000703800000| Untracked 
|  29|0x0000000703a00000, 0x0000000703c00000, 0x0000000703c00000|100%| O|  |TAMS 0x0000000703c00000, 0x0000000703a00000| Untracked 
|  30|0x0000000703c00000, 0x0000000703e00000, 0x0000000703e00000|100%| O|  |TAMS 0x0000000703e00000, 0x0000000703c00000| Untracked 
|  31|0x0000000703e00000, 0x0000000704000000, 0x0000000704000000|100%| O|  |TAMS 0x0000000704000000, 0x0000000703e00000| Untracked 
|  32|0x0000000704000000, 0x0000000704200000, 0x0000000704200000|100%| O|  |TAMS 0x0000000704200000, 0x0000000704000000| Untracked 
|  33|0x0000000704200000, 0x0000000704400000, 0x0000000704400000|100%| O|  |TAMS 0x0000000704400000, 0x0000000704200000| Untracked 
|  34|0x0000000704400000, 0x0000000704600000, 0x0000000704600000|100%| O|  |TAMS 0x0000000704600000, 0x0000000704400000| Untracked 
|  35|0x0000000704600000, 0x0000000704800000, 0x0000000704800000|100%| O|  |TAMS 0x0000000704600000, 0x0000000704600000| Untracked 
|  36|0x0000000704800000, 0x0000000704a00000, 0x0000000704a00000|100%| O|  |TAMS 0x0000000704a00000, 0x0000000704800000| Untracked 
|  37|0x0000000704a00000, 0x0000000704c00000, 0x0000000704c00000|100%| O|  |TAMS 0x0000000704c00000, 0x0000000704a00000| Untracked 
|  38|0x0000000704c00000, 0x0000000704e00000, 0x0000000704e00000|100%| O|  |TAMS 0x0000000704e00000, 0x0000000704c00000| Untracked 
|  39|0x0000000704e00000, 0x0000000705000000, 0x0000000705000000|100%| O|  |TAMS 0x0000000705000000, 0x0000000704e00000| Untracked 
|  40|0x0000000705000000, 0x0000000705200000, 0x0000000705200000|100%| O|  |TAMS 0x0000000705200000, 0x0000000705000000| Untracked 
|  41|0x0000000705200000, 0x0000000705400000, 0x0000000705400000|100%| O|  |TAMS 0x0000000705400000, 0x0000000705200000| Untracked 
|  42|0x0000000705400000, 0x0000000705600000, 0x0000000705600000|100%| O|  |TAMS 0x0000000705600000, 0x0000000705400000| Untracked 
|  43|0x0000000705600000, 0x0000000705800000, 0x0000000705800000|100%| O|  |TAMS 0x0000000705800000, 0x0000000705600000| Untracked 
|  44|0x0000000705800000, 0x0000000705a00000, 0x0000000705a00000|100%| O|  |TAMS 0x0000000705a00000, 0x0000000705800000| Untracked 
|  45|0x0000000705a00000, 0x0000000705c00000, 0x0000000705c00000|100%| O|  |TAMS 0x0000000705c00000, 0x0000000705a00000| Untracked 
|  46|0x0000000705c00000, 0x0000000705e00000, 0x0000000705e00000|100%| O|  |TAMS 0x0000000705e00000, 0x0000000705c00000| Untracked 
|  47|0x0000000705e00000, 0x0000000706000000, 0x0000000706000000|100%| O|  |TAMS 0x0000000705ebc000, 0x0000000705e00000| Untracked 
|  48|0x0000000706000000, 0x0000000706000000, 0x0000000706200000|  0%| F|  |TAMS 0x0000000706000000, 0x0000000706000000| Untracked 
|  49|0x0000000706200000, 0x0000000706200000, 0x0000000706400000|  0%| F|  |TAMS 0x0000000706200000, 0x0000000706200000| Untracked 
|  50|0x0000000706400000, 0x0000000706400000, 0x0000000706600000|  0%| F|  |TAMS 0x0000000706400000, 0x0000000706400000| Untracked 
|  51|0x0000000706600000, 0x0000000706800000, 0x0000000706800000|100%| O|  |TAMS 0x0000000706600000, 0x0000000706600000| Untracked 
|  52|0x0000000706800000, 0x0000000706a00000, 0x0000000706a00000|100%| O|  |TAMS 0x0000000706800000, 0x0000000706800000| Untracked 
|  53|0x0000000706a00000, 0x0000000706c00000, 0x0000000706c00000|100%| O|  |TAMS 0x0000000706a00000, 0x0000000706a00000| Untracked 
|  54|0x0000000706c00000, 0x0000000706e00000, 0x0000000706e00000|100%| O|  |TAMS 0x0000000706c00000, 0x0000000706c00000| Untracked 
|  55|0x0000000706e00000, 0x0000000707000000, 0x0000000707000000|100%| O|  |TAMS 0x0000000706e00000, 0x0000000706e00000| Untracked 
|  56|0x0000000707000000, 0x0000000707200000, 0x0000000707200000|100%| O|  |TAMS 0x0000000707000000, 0x0000000707000000| Untracked 
|  57|0x0000000707200000, 0x0000000707400000, 0x0000000707400000|100%| O|  |TAMS 0x0000000707200000, 0x0000000707200000| Untracked 
|  58|0x0000000707400000, 0x0000000707600000, 0x0000000707600000|100%| O|  |TAMS 0x0000000707400000, 0x0000000707400000| Untracked 
|  59|0x0000000707600000, 0x0000000707800000, 0x0000000707800000|100%| O|  |TAMS 0x0000000707600000, 0x0000000707600000| Untracked 
|  60|0x0000000707800000, 0x0000000707a00000, 0x0000000707a00000|100%| O|  |TAMS 0x0000000707800000, 0x0000000707800000| Untracked 
|  61|0x0000000707a00000, 0x0000000707c00000, 0x0000000707c00000|100%| O|  |TAMS 0x0000000707a00000, 0x0000000707a00000| Untracked 
|  62|0x0000000707c00000, 0x0000000707e00000, 0x0000000707e00000|100%| O|  |TAMS 0x0000000707c00000, 0x0000000707c00000| Untracked 
|  63|0x0000000707e00000, 0x0000000708000000, 0x0000000708000000|100%| O|  |TAMS 0x0000000707e00000, 0x0000000707e00000| Untracked 
|  64|0x0000000708000000, 0x0000000708200000, 0x0000000708200000|100%| O|  |TAMS 0x0000000708000000, 0x0000000708000000| Untracked 
|  65|0x0000000708200000, 0x000000070828ba00, 0x0000000708400000| 27%| O|  |TAMS 0x0000000708200000, 0x0000000708200000| Untracked 
|  66|0x0000000708400000, 0x0000000708400000, 0x0000000708600000|  0%| F|  |TAMS 0x0000000708400000, 0x0000000708400000| Untracked 
|  67|0x0000000708600000, 0x0000000708600000, 0x0000000708800000|  0%| F|  |TAMS 0x0000000708600000, 0x0000000708600000| Untracked 
|  68|0x0000000708800000, 0x0000000708800000, 0x0000000708a00000|  0%| F|  |TAMS 0x0000000708800000, 0x0000000708800000| Untracked 
|  69|0x0000000708a00000, 0x0000000708a00000, 0x0000000708c00000|  0%| F|  |TAMS 0x0000000708a00000, 0x0000000708a00000| Untracked 
|  70|0x0000000708c00000, 0x0000000708c00000, 0x0000000708e00000|  0%| F|  |TAMS 0x0000000708c00000, 0x0000000708c00000| Untracked 
|  71|0x0000000708e00000, 0x0000000708e00000, 0x0000000709000000|  0%| F|  |TAMS 0x0000000708e00000, 0x0000000708e00000| Untracked 
|  72|0x0000000709000000, 0x0000000709000000, 0x0000000709200000|  0%| F|  |TAMS 0x0000000709000000, 0x0000000709000000| Untracked 
|  73|0x0000000709200000, 0x0000000709200000, 0x0000000709400000|  0%| F|  |TAMS 0x0000000709200000, 0x0000000709200000| Untracked 
|  74|0x0000000709400000, 0x0000000709400000, 0x0000000709600000|  0%| F|  |TAMS 0x0000000709400000, 0x0000000709400000| Untracked 
|  75|0x0000000709600000, 0x0000000709600000, 0x0000000709800000|  0%| F|  |TAMS 0x0000000709600000, 0x0000000709600000| Untracked 
|  76|0x0000000709800000, 0x0000000709800000, 0x0000000709a00000|  0%| F|  |TAMS 0x0000000709800000, 0x0000000709800000| Untracked 
|  77|0x0000000709a00000, 0x0000000709a00000, 0x0000000709c00000|  0%| F|  |TAMS 0x0000000709a00000, 0x0000000709a00000| Untracked 
|  78|0x0000000709c00000, 0x0000000709c00000, 0x0000000709e00000|  0%| F|  |TAMS 0x0000000709c00000, 0x0000000709c00000| Untracked 
|  79|0x0000000709e00000, 0x0000000709e00000, 0x000000070a000000|  0%| F|  |TAMS 0x0000000709e00000, 0x0000000709e00000| Untracked 
|  80|0x000000070a000000, 0x000000070a000000, 0x000000070a200000|  0%| F|  |TAMS 0x000000070a000000, 0x000000070a000000| Untracked 
|  81|0x000000070a200000, 0x000000070a200000, 0x000000070a400000|  0%| F|  |TAMS 0x000000070a200000, 0x000000070a200000| Untracked 
|  82|0x000000070a400000, 0x000000070a400000, 0x000000070a600000|  0%| F|  |TAMS 0x000000070a400000, 0x000000070a400000| Untracked 
|  83|0x000000070a600000, 0x000000070a600000, 0x000000070a800000|  0%| F|  |TAMS 0x000000070a600000, 0x000000070a600000| Untracked 
|  84|0x000000070a800000, 0x000000070a800000, 0x000000070aa00000|  0%| F|  |TAMS 0x000000070a800000, 0x000000070a800000| Untracked 
|  85|0x000000070aa00000, 0x000000070aa7b430, 0x000000070ac00000| 24%| S|CS|TAMS 0x000000070aa00000, 0x000000070aa00000| Complete 
|  86|0x000000070ac00000, 0x000000070ae00000, 0x000000070ae00000|100%| S|CS|TAMS 0x000000070ac00000, 0x000000070ac00000| Complete 
|  87|0x000000070ae00000, 0x000000070ae00000, 0x000000070b000000|  0%| F|  |TAMS 0x000000070ae00000, 0x000000070ae00000| Untracked 
|  88|0x000000070b000000, 0x000000070b000000, 0x000000070b200000|  0%| F|  |TAMS 0x000000070b000000, 0x000000070b000000| Untracked 
|  89|0x000000070b200000, 0x000000070b200000, 0x000000070b400000|  0%| F|  |TAMS 0x000000070b200000, 0x000000070b200000| Untracked 
|  90|0x000000070b400000, 0x000000070b400000, 0x000000070b600000|  0%| F|  |TAMS 0x000000070b400000, 0x000000070b400000| Untracked 
|  91|0x000000070b600000, 0x000000070b600000, 0x000000070b800000|  0%| F|  |TAMS 0x000000070b600000, 0x000000070b600000| Untracked 
|  92|0x000000070b800000, 0x000000070b800000, 0x000000070ba00000|  0%| F|  |TAMS 0x000000070b800000, 0x000000070b800000| Untracked 
|  93|0x000000070ba00000, 0x000000070ba00000, 0x000000070bc00000|  0%| F|  |TAMS 0x000000070ba00000, 0x000000070ba00000| Untracked 
|  94|0x000000070bc00000, 0x000000070bc00000, 0x000000070be00000|  0%| F|  |TAMS 0x000000070bc00000, 0x000000070bc00000| Untracked 
|  95|0x000000070be00000, 0x000000070be00000, 0x000000070c000000|  0%| F|  |TAMS 0x000000070be00000, 0x000000070be00000| Untracked 
|  96|0x000000070c000000, 0x000000070c000000, 0x000000070c200000|  0%| F|  |TAMS 0x000000070c000000, 0x000000070c000000| Untracked 
|  97|0x000000070c200000, 0x000000070c200000, 0x000000070c400000|  0%| F|  |TAMS 0x000000070c200000, 0x000000070c200000| Untracked 
|  98|0x000000070c400000, 0x000000070c400000, 0x000000070c600000|  0%| F|  |TAMS 0x000000070c400000, 0x000000070c400000| Untracked 
|  99|0x000000070c600000, 0x000000070c600000, 0x000000070c800000|  0%| F|  |TAMS 0x000000070c600000, 0x000000070c600000| Untracked 
| 100|0x000000070c800000, 0x000000070c800000, 0x000000070ca00000|  0%| F|  |TAMS 0x000000070c800000, 0x000000070c800000| Untracked 
| 101|0x000000070ca00000, 0x000000070ca00000, 0x000000070cc00000|  0%| F|  |TAMS 0x000000070ca00000, 0x000000070ca00000| Untracked 
| 102|0x000000070cc00000, 0x000000070cc00000, 0x000000070ce00000|  0%| F|  |TAMS 0x000000070cc00000, 0x000000070cc00000| Untracked 
| 103|0x000000070ce00000, 0x000000070ce00000, 0x000000070d000000|  0%| F|  |TAMS 0x000000070ce00000, 0x000000070ce00000| Untracked 
| 104|0x000000070d000000, 0x000000070d000000, 0x000000070d200000|  0%| F|  |TAMS 0x000000070d000000, 0x000000070d000000| Untracked 
| 105|0x000000070d200000, 0x000000070d200000, 0x000000070d400000|  0%| F|  |TAMS 0x000000070d200000, 0x000000070d200000| Untracked 
| 106|0x000000070d400000, 0x000000070d400000, 0x000000070d600000|  0%| F|  |TAMS 0x000000070d400000, 0x000000070d400000| Untracked 
| 107|0x000000070d600000, 0x000000070d600000, 0x000000070d800000|  0%| F|  |TAMS 0x000000070d600000, 0x000000070d600000| Untracked 
| 108|0x000000070d800000, 0x000000070d90f0a0, 0x000000070da00000| 52%| E|  |TAMS 0x000000070d800000, 0x000000070d800000| Complete 
| 109|0x000000070da00000, 0x000000070dc00000, 0x000000070dc00000|100%| E|CS|TAMS 0x000000070da00000, 0x000000070da00000| Complete 
| 110|0x000000070dc00000, 0x000000070de00000, 0x000000070de00000|100%| E|CS|TAMS 0x000000070dc00000, 0x000000070dc00000| Complete 
| 111|0x000000070de00000, 0x000000070e000000, 0x000000070e000000|100%| E|CS|TAMS 0x000000070de00000, 0x000000070de00000| Complete 
| 112|0x000000070e000000, 0x000000070e200000, 0x000000070e200000|100%| E|CS|TAMS 0x000000070e000000, 0x000000070e000000| Complete 
| 113|0x000000070e200000, 0x000000070e400000, 0x000000070e400000|100%| E|CS|TAMS 0x000000070e200000, 0x000000070e200000| Complete 
| 114|0x000000070e400000, 0x000000070e600000, 0x000000070e600000|100%| E|CS|TAMS 0x000000070e400000, 0x000000070e400000| Complete 
| 115|0x000000070e600000, 0x000000070e800000, 0x000000070e800000|100%| E|CS|TAMS 0x000000070e600000, 0x000000070e600000| Complete 
| 116|0x000000070e800000, 0x000000070ea00000, 0x000000070ea00000|100%| E|CS|TAMS 0x000000070e800000, 0x000000070e800000| Complete 
| 117|0x000000070ea00000, 0x000000070ec00000, 0x000000070ec00000|100%| E|CS|TAMS 0x000000070ea00000, 0x000000070ea00000| Complete 
| 118|0x000000070ec00000, 0x000000070ee00000, 0x000000070ee00000|100%| E|CS|TAMS 0x000000070ec00000, 0x000000070ec00000| Complete 
| 119|0x000000070ee00000, 0x000000070f000000, 0x000000070f000000|100%| E|CS|TAMS 0x000000070ee00000, 0x000000070ee00000| Complete 
| 120|0x000000070f000000, 0x000000070f200000, 0x000000070f200000|100%| E|CS|TAMS 0x000000070f000000, 0x000000070f000000| Complete 
| 121|0x000000070f200000, 0x000000070f400000, 0x000000070f400000|100%| E|CS|TAMS 0x000000070f200000, 0x000000070f200000| Complete 
| 122|0x000000070f400000, 0x000000070f600000, 0x000000070f600000|100%| E|CS|TAMS 0x000000070f400000, 0x000000070f400000| Complete 
| 123|0x000000070f600000, 0x000000070f800000, 0x000000070f800000|100%| E|CS|TAMS 0x000000070f600000, 0x000000070f600000| Complete 
| 124|0x000000070f800000, 0x000000070fa00000, 0x000000070fa00000|100%| E|CS|TAMS 0x000000070f800000, 0x000000070f800000| Complete 
| 125|0x000000070fa00000, 0x000000070fc00000, 0x000000070fc00000|100%| E|CS|TAMS 0x000000070fa00000, 0x000000070fa00000| Complete 
| 126|0x000000070fc00000, 0x000000070fe00000, 0x000000070fe00000|100%| E|CS|TAMS 0x000000070fc00000, 0x000000070fc00000| Complete 
| 127|0x000000070fe00000, 0x0000000710000000, 0x0000000710000000|100%| E|CS|TAMS 0x000000070fe00000, 0x000000070fe00000| Complete 
| 128|0x0000000710000000, 0x0000000710200000, 0x0000000710200000|100%| E|CS|TAMS 0x0000000710000000, 0x0000000710000000| Complete 
| 129|0x0000000710200000, 0x0000000710400000, 0x0000000710400000|100%| E|CS|TAMS 0x0000000710200000, 0x0000000710200000| Complete 
| 130|0x0000000710400000, 0x0000000710600000, 0x0000000710600000|100%| E|CS|TAMS 0x0000000710400000, 0x0000000710400000| Complete 
| 131|0x0000000710600000, 0x0000000710800000, 0x0000000710800000|100%| E|CS|TAMS 0x0000000710600000, 0x0000000710600000| Complete 
| 132|0x0000000710800000, 0x0000000710a00000, 0x0000000710a00000|100%| E|CS|TAMS 0x0000000710800000, 0x0000000710800000| Complete 
| 133|0x0000000710a00000, 0x0000000710c00000, 0x0000000710c00000|100%| E|CS|TAMS 0x0000000710a00000, 0x0000000710a00000| Complete 
| 134|0x0000000710c00000, 0x0000000710e00000, 0x0000000710e00000|100%| E|CS|TAMS 0x0000000710c00000, 0x0000000710c00000| Complete 
| 135|0x0000000710e00000, 0x0000000711000000, 0x0000000711000000|100%| E|CS|TAMS 0x0000000710e00000, 0x0000000710e00000| Complete 
| 136|0x0000000711000000, 0x0000000711200000, 0x0000000711200000|100%| E|CS|TAMS 0x0000000711000000, 0x0000000711000000| Complete 
| 137|0x0000000711200000, 0x0000000711400000, 0x0000000711400000|100%| E|CS|TAMS 0x0000000711200000, 0x0000000711200000| Complete 
| 138|0x0000000711400000, 0x0000000711600000, 0x0000000711600000|100%| E|CS|TAMS 0x0000000711400000, 0x0000000711400000| Complete 
| 139|0x0000000711600000, 0x0000000711800000, 0x0000000711800000|100%| E|CS|TAMS 0x0000000711600000, 0x0000000711600000| Complete 
| 140|0x0000000711800000, 0x0000000711a00000, 0x0000000711a00000|100%| E|CS|TAMS 0x0000000711800000, 0x0000000711800000| Complete 
| 141|0x0000000711a00000, 0x0000000711c00000, 0x0000000711c00000|100%| E|CS|TAMS 0x0000000711a00000, 0x0000000711a00000| Complete 
| 142|0x0000000711c00000, 0x0000000711e00000, 0x0000000711e00000|100%| E|CS|TAMS 0x0000000711c00000, 0x0000000711c00000| Complete 
| 143|0x0000000711e00000, 0x0000000712000000, 0x0000000712000000|100%| E|CS|TAMS 0x0000000711e00000, 0x0000000711e00000| Complete 
| 144|0x0000000712000000, 0x0000000712200000, 0x0000000712200000|100%| E|CS|TAMS 0x0000000712000000, 0x0000000712000000| Complete 
| 145|0x0000000712200000, 0x0000000712400000, 0x0000000712400000|100%| E|CS|TAMS 0x0000000712200000, 0x0000000712200000| Complete 
| 146|0x0000000712400000, 0x0000000712600000, 0x0000000712600000|100%| E|CS|TAMS 0x0000000712400000, 0x0000000712400000| Complete 
| 147|0x0000000712600000, 0x0000000712800000, 0x0000000712800000|100%| E|CS|TAMS 0x0000000712600000, 0x0000000712600000| Complete 
| 148|0x0000000712800000, 0x0000000712a00000, 0x0000000712a00000|100%| E|CS|TAMS 0x0000000712800000, 0x0000000712800000| Complete 
| 149|0x0000000712a00000, 0x0000000712c00000, 0x0000000712c00000|100%| E|CS|TAMS 0x0000000712a00000, 0x0000000712a00000| Complete 
| 150|0x0000000712c00000, 0x0000000712e00000, 0x0000000712e00000|100%| E|CS|TAMS 0x0000000712c00000, 0x0000000712c00000| Complete 
| 151|0x0000000712e00000, 0x0000000713000000, 0x0000000713000000|100%| E|CS|TAMS 0x0000000712e00000, 0x0000000712e00000| Complete 
| 152|0x0000000713000000, 0x0000000713200000, 0x0000000713200000|100%| E|CS|TAMS 0x0000000713000000, 0x0000000713000000| Complete 
| 153|0x0000000713200000, 0x0000000713400000, 0x0000000713400000|100%| E|CS|TAMS 0x0000000713200000, 0x0000000713200000| Complete 
| 154|0x0000000713400000, 0x0000000713600000, 0x0000000713600000|100%| E|CS|TAMS 0x0000000713400000, 0x0000000713400000| Complete 
| 155|0x0000000713600000, 0x0000000713800000, 0x0000000713800000|100%| E|CS|TAMS 0x0000000713600000, 0x0000000713600000| Complete 
| 156|0x0000000713800000, 0x0000000713a00000, 0x0000000713a00000|100%| E|CS|TAMS 0x0000000713800000, 0x0000000713800000| Complete 
| 157|0x0000000713a00000, 0x0000000713c00000, 0x0000000713c00000|100%| E|CS|TAMS 0x0000000713a00000, 0x0000000713a00000| Complete 
| 158|0x0000000713c00000, 0x0000000713e00000, 0x0000000713e00000|100%| E|CS|TAMS 0x0000000713c00000, 0x0000000713c00000| Complete 
| 159|0x0000000713e00000, 0x0000000714000000, 0x0000000714000000|100%| E|CS|TAMS 0x0000000713e00000, 0x0000000713e00000| Complete 
| 160|0x0000000714000000, 0x0000000714200000, 0x0000000714200000|100%| E|CS|TAMS 0x0000000714000000, 0x0000000714000000| Complete 
| 161|0x0000000714200000, 0x0000000714400000, 0x0000000714400000|100%| E|CS|TAMS 0x0000000714200000, 0x0000000714200000| Complete 
| 162|0x0000000714400000, 0x0000000714600000, 0x0000000714600000|100%| E|CS|TAMS 0x0000000714400000, 0x0000000714400000| Complete 
| 163|0x0000000714600000, 0x0000000714800000, 0x0000000714800000|100%| E|CS|TAMS 0x0000000714600000, 0x0000000714600000| Complete 
| 164|0x0000000714800000, 0x0000000714a00000, 0x0000000714a00000|100%| E|CS|TAMS 0x0000000714800000, 0x0000000714800000| Complete 
| 165|0x0000000714a00000, 0x0000000714c00000, 0x0000000714c00000|100%| E|CS|TAMS 0x0000000714a00000, 0x0000000714a00000| Complete 
| 166|0x0000000714c00000, 0x0000000714e00000, 0x0000000714e00000|100%| E|CS|TAMS 0x0000000714c00000, 0x0000000714c00000| Complete 
| 167|0x0000000714e00000, 0x0000000715000000, 0x0000000715000000|100%| E|CS|TAMS 0x0000000714e00000, 0x0000000714e00000| Complete 
| 168|0x0000000715000000, 0x0000000715200000, 0x0000000715200000|100%| E|CS|TAMS 0x0000000715000000, 0x0000000715000000| Complete 
| 169|0x0000000715200000, 0x0000000715400000, 0x0000000715400000|100%| E|CS|TAMS 0x0000000715200000, 0x0000000715200000| Complete 
| 170|0x0000000715400000, 0x0000000715600000, 0x0000000715600000|100%| E|CS|TAMS 0x0000000715400000, 0x0000000715400000| Complete 
| 171|0x0000000715600000, 0x0000000715800000, 0x0000000715800000|100%| E|CS|TAMS 0x0000000715600000, 0x0000000715600000| Complete 
| 172|0x0000000715800000, 0x0000000715a00000, 0x0000000715a00000|100%| E|CS|TAMS 0x0000000715800000, 0x0000000715800000| Complete 
| 173|0x0000000715a00000, 0x0000000715c00000, 0x0000000715c00000|100%| E|CS|TAMS 0x0000000715a00000, 0x0000000715a00000| Complete 
| 174|0x0000000715c00000, 0x0000000715e00000, 0x0000000715e00000|100%| E|CS|TAMS 0x0000000715c00000, 0x0000000715c00000| Complete 
| 175|0x0000000715e00000, 0x0000000716000000, 0x0000000716000000|100%| E|CS|TAMS 0x0000000715e00000, 0x0000000715e00000| Complete 
| 176|0x0000000716000000, 0x0000000716200000, 0x0000000716200000|100%| E|CS|TAMS 0x0000000716000000, 0x0000000716000000| Complete 
| 177|0x0000000716200000, 0x0000000716400000, 0x0000000716400000|100%| E|CS|TAMS 0x0000000716200000, 0x0000000716200000| Complete 
| 178|0x0000000716400000, 0x0000000716600000, 0x0000000716600000|100%| E|CS|TAMS 0x0000000716400000, 0x0000000716400000| Complete 
| 179|0x0000000716600000, 0x0000000716800000, 0x0000000716800000|100%| E|CS|TAMS 0x0000000716600000, 0x0000000716600000| Complete 
| 180|0x0000000716800000, 0x0000000716a00000, 0x0000000716a00000|100%| E|CS|TAMS 0x0000000716800000, 0x0000000716800000| Complete 
| 181|0x0000000716a00000, 0x0000000716c00000, 0x0000000716c00000|100%| E|CS|TAMS 0x0000000716a00000, 0x0000000716a00000| Complete 
| 182|0x0000000716c00000, 0x0000000716e00000, 0x0000000716e00000|100%| E|CS|TAMS 0x0000000716c00000, 0x0000000716c00000| Complete 
| 183|0x0000000716e00000, 0x0000000717000000, 0x0000000717000000|100%| E|CS|TAMS 0x0000000716e00000, 0x0000000716e00000| Complete 
| 184|0x0000000717000000, 0x0000000717200000, 0x0000000717200000|100%| E|CS|TAMS 0x0000000717000000, 0x0000000717000000| Complete 
| 185|0x0000000717200000, 0x0000000717400000, 0x0000000717400000|100%| E|CS|TAMS 0x0000000717200000, 0x0000000717200000| Complete 
| 186|0x0000000717400000, 0x0000000717600000, 0x0000000717600000|100%| E|CS|TAMS 0x0000000717400000, 0x0000000717400000| Complete 
| 187|0x0000000717600000, 0x0000000717800000, 0x0000000717800000|100%| E|CS|TAMS 0x0000000717600000, 0x0000000717600000| Complete 
| 188|0x0000000717800000, 0x0000000717a00000, 0x0000000717a00000|100%| E|CS|TAMS 0x0000000717800000, 0x0000000717800000| Complete 
| 189|0x0000000717a00000, 0x0000000717c00000, 0x0000000717c00000|100%| E|CS|TAMS 0x0000000717a00000, 0x0000000717a00000| Complete 
| 190|0x0000000717c00000, 0x0000000717e00000, 0x0000000717e00000|100%| E|CS|TAMS 0x0000000717c00000, 0x0000000717c00000| Complete 
| 191|0x0000000717e00000, 0x0000000718000000, 0x0000000718000000|100%| E|CS|TAMS 0x0000000717e00000, 0x0000000717e00000| Complete 
| 192|0x0000000718000000, 0x0000000718200000, 0x0000000718200000|100%| E|CS|TAMS 0x0000000718000000, 0x0000000718000000| Complete 
| 221|0x000000071ba00000, 0x000000071bc00000, 0x000000071bc00000|100%| E|CS|TAMS 0x000000071ba00000, 0x000000071ba00000| Complete 
| 222|0x000000071bc00000, 0x000000071be00000, 0x000000071be00000|100%| E|CS|TAMS 0x000000071bc00000, 0x000000071bc00000| Complete 
| 249|0x000000071f200000, 0x000000071f400000, 0x000000071f400000|100%| E|CS|TAMS 0x000000071f200000, 0x000000071f200000| Complete 

Card table byte_map: [0x000001f069590000,0x000001f069d90000] _byte_map_base: 0x000001f065d90000

Marking Bits (Prev, Next): (CMBitMap*) 0x000001f055c394c0, (CMBitMap*) 0x000001f055c39480
 Prev Bits: [0x000001f06e590000, 0x000001f072590000)
 Next Bits: [0x000001f06a590000, 0x000001f06e590000)

Polling page: 0x000001f055c80000

Metaspace:

Usage:
  Non-class:    131.05 MB used.
      Class:     18.71 MB used.
       Both:    149.76 MB used.

Virtual space:
  Non-class space:      192.00 MB reserved,     131.38 MB ( 68%) committed,  3 nodes.
      Class space:        1.00 GB reserved,      19.06 MB (  2%) committed,  1 nodes.
             Both:        1.19 GB reserved,     150.44 MB ( 12%) committed. 

Chunk freelists:
   Non-Class:  12.51 MB
       Class:  12.97 MB
        Both:  25.48 MB

MaxMetaspaceSize: 2.00 GB
CompressedClassSpaceSize: 1.00 GB
Initial GC threshold: 21.00 MB
Current GC threshold: 185.75 MB
CDS: off
MetaspaceReclaimPolicy: balanced
 - commit_granule_bytes: 65536.
 - commit_granule_words: 8192.
 - virtual_space_node_default_size: 8388608.
 - enlarge_chunks_in_place: 1.
 - new_chunks_are_fully_committed: 0.
 - uncommit_free_chunks: 1.
 - use_allocation_guard: 0.
 - handle_deallocations: 1.


Internal statistics:

num_allocs_failed_limit: 12.
num_arena_births: 964.
num_arena_deaths: 2.
num_vsnodes_births: 4.
num_vsnodes_deaths: 0.
num_space_committed: 2405.
num_space_uncommitted: 0.
num_chunks_returned_to_freelist: 18.
num_chunks_taken_from_freelist: 6057.
num_chunk_merges: 13.
num_chunk_splits: 4620.
num_chunks_enlarged: 3757.
num_inconsistent_stats: 0.

CodeHeap 'non-profiled nmethods': size=120000Kb used=12833Kb max_used=12833Kb free=107166Kb
 bounds [0x000001f060bc0000, 0x000001f061850000, 0x000001f0680f0000]
CodeHeap 'profiled nmethods': size=120000Kb used=44833Kb max_used=44833Kb free=75166Kb
 bounds [0x000001f0590f0000, 0x000001f05bcc0000, 0x000001f060620000]
CodeHeap 'non-nmethods': size=5760Kb used=2595Kb max_used=2671Kb free=3164Kb
 bounds [0x000001f060620000, 0x000001f0608d0000, 0x000001f060bc0000]
 total_blobs=19737 nmethods=18578 adapters=1067
 compilation: enabled
              stopped_count=0, restarted_count=0
 full_count=0

Compilation events (20 events):
Event: 153.796 Thread 0x000001f075475500 23572       2       org.gradle.internal.io.StreamByteBuffer$StreamByteBufferChunk::write (32 bytes)
Event: 153.796 Thread 0x000001f075475500 nmethod 23572 0x000001f05bcb6210 code [0x000001f05bcb63a0, 0x000001f05bcb6518]
Event: 153.800 Thread 0x000001f075475500 23575       2       java.io.OutputStream::write (34 bytes)
Event: 153.802 Thread 0x000001f075475500 nmethod 23575 0x000001f05bcb6610 code [0x000001f05bcb67c0, 0x000001f05bcb6a38]
Event: 153.810 Thread 0x000001f07c672940 nmethod 23510% 0x000001f06183e390 code [0x000001f06183e5e0, 0x000001f0618405d0]
Event: 153.811 Thread 0x000001f07c672940 23535       4       org.objectweb.asm.signature.SignatureReader::parseType (411 bytes)
Event: 153.829 Thread 0x000001f075475500 23576       2       com.google.common.collect.ImmutableList$Builder::add (6 bytes)
Event: 153.830 Thread 0x000001f075475500 nmethod 23576 0x000001f05bcb6c10 code [0x000001f05bcb6da0, 0x000001f05bcb6ec8]
Event: 153.859 Thread 0x000001f075474c00 nmethod 23505 0x000001f061841590 code [0x000001f061841920, 0x000001f061845978]
Event: 153.860 Thread 0x000001f075474c00 23519       4       org.objectweb.asm.commons.Remapper::mapType (123 bytes)
Event: 153.862 Thread 0x000001f075475500 23577       2       java.lang.ProcessEnvironment$CheckedEntry::getValue (5 bytes)
Event: 153.863 Thread 0x000001f075475500 nmethod 23577 0x000001f05bcb6f90 code [0x000001f05bcb7140, 0x000001f05bcb72a8]
Event: 153.863 Thread 0x000001f075475500 23578       2       java.lang.ProcessEnvironment$CheckedEntry::getValue (13 bytes)
Event: 153.863 Thread 0x000001f075475500 nmethod 23578 0x000001f05bcb7390 code [0x000001f05bcb7540, 0x000001f05bcb76a8]
Event: 153.868 Thread 0x000001f075475500 23579       2       java.lang.ProcessEnvironment$EntryComparator::compare (13 bytes)
Event: 153.869 Thread 0x000001f075475500 nmethod 23579 0x000001f05bcb7790 code [0x000001f05bcb7960, 0x000001f05bcb7c28]
Event: 153.869 Thread 0x000001f075475500 23580       2       java.lang.ProcessEnvironment$EntryComparator::compare (25 bytes)
Event: 153.869 Thread 0x000001f075475500 nmethod 23580 0x000001f05bcb7d90 code [0x000001f05bcb7f60, 0x000001f05bcb8168]
Event: 153.897 Thread 0x000001f075475500 23583       2       java.lang.invoke.MethodType::appendParameterTypes (10 bytes)
Event: 153.898 Thread 0x000001f075475500 nmethod 23583 0x000001f05bcb8290 code [0x000001f05bcb8420, 0x000001f05bcb8548]

GC Heap History (20 events):
Event: 141.872 GC heap before
{Heap before GC invocations=108 (full 0):
 garbage-first heap   total 319488K, used 274162K [0x0000000700000000, 0x0000000800000000)
  region size 2048K, 69 young (141312K), 5 survivors (10240K)
 Metaspace       used 152360K, committed 152960K, reserved 1245184K
  class space    used 19009K, committed 19264K, reserved 1048576K
}
Event: 141.879 GC heap after
{Heap after GC invocations=109 (full 0):
 garbage-first heap   total 401408K, used 129993K [0x0000000700000000, 0x0000000800000000)
  region size 2048K, 2 young (4096K), 2 survivors (4096K)
 Metaspace       used 152360K, committed 152960K, reserved 1245184K
  class space    used 19009K, committed 19264K, reserved 1048576K
}
Event: 143.961 GC heap before
{Heap before GC invocations=109 (full 0):
 garbage-first heap   total 401408K, used 345033K [0x0000000700000000, 0x0000000800000000)
  region size 2048K, 107 young (219136K), 2 survivors (4096K)
 Metaspace       used 152371K, committed 152960K, reserved 1245184K
  class space    used 19009K, committed 19264K, reserved 1048576K
}
Event: 143.967 GC heap after
{Heap after GC invocations=110 (full 0):
 garbage-first heap   total 401408K, used 129536K [0x0000000700000000, 0x0000000800000000)
  region size 2048K, 1 young (2048K), 1 survivors (2048K)
 Metaspace       used 152371K, committed 152960K, reserved 1245184K
  class space    used 19009K, committed 19264K, reserved 1048576K
}
Event: 145.900 GC heap before
{Heap before GC invocations=110 (full 0):
 garbage-first heap   total 401408K, used 354816K [0x0000000700000000, 0x0000000800000000)
  region size 2048K, 108 young (221184K), 1 survivors (2048K)
 Metaspace       used 152385K, committed 152960K, reserved 1245184K
  class space    used 19009K, committed 19264K, reserved 1048576K
}
Event: 145.908 GC heap after
{Heap after GC invocations=111 (full 0):
 garbage-first heap   total 401408K, used 136599K [0x0000000700000000, 0x0000000800000000)
  region size 2048K, 2 young (4096K), 2 survivors (4096K)
 Metaspace       used 152385K, committed 152960K, reserved 1245184K
  class space    used 19009K, committed 19264K, reserved 1048576K
}
Event: 147.480 GC heap before
{Heap before GC invocations=111 (full 0):
 garbage-first heap   total 401408K, used 349591K [0x0000000700000000, 0x0000000800000000)
  region size 2048K, 106 young (217088K), 2 survivors (4096K)
 Metaspace       used 152385K, committed 152960K, reserved 1245184K
  class space    used 19009K, committed 19264K, reserved 1048576K
}
Event: 147.487 GC heap after
{Heap after GC invocations=112 (full 0):
 garbage-first heap   total 401408K, used 137685K [0x0000000700000000, 0x0000000800000000)
  region size 2048K, 2 young (4096K), 2 survivors (4096K)
 Metaspace       used 152385K, committed 152960K, reserved 1245184K
  class space    used 19009K, committed 19264K, reserved 1048576K
}
Event: 148.303 GC heap before
{Heap before GC invocations=112 (full 0):
 garbage-first heap   total 401408K, used 350677K [0x0000000700000000, 0x0000000800000000)
  region size 2048K, 106 young (217088K), 2 survivors (4096K)
 Metaspace       used 152385K, committed 152960K, reserved 1245184K
  class space    used 19009K, committed 19264K, reserved 1048576K
}
Event: 148.311 GC heap after
{Heap after GC invocations=113 (full 0):
 garbage-first heap   total 401408K, used 138815K [0x0000000700000000, 0x0000000800000000)
  region size 2048K, 3 young (6144K), 3 survivors (6144K)
 Metaspace       used 152385K, committed 152960K, reserved 1245184K
  class space    used 19009K, committed 19264K, reserved 1048576K
}
Event: 149.135 GC heap before
{Heap before GC invocations=113 (full 0):
 garbage-first heap   total 401408K, used 351807K [0x0000000700000000, 0x0000000800000000)
  region size 2048K, 107 young (219136K), 3 survivors (6144K)
 Metaspace       used 152385K, committed 152960K, reserved 1245184K
  class space    used 19009K, committed 19264K, reserved 1048576K
}
Event: 149.143 GC heap after
{Heap after GC invocations=114 (full 0):
 garbage-first heap   total 401408K, used 140160K [0x0000000700000000, 0x0000000800000000)
  region size 2048K, 4 young (8192K), 4 survivors (8192K)
 Metaspace       used 152385K, committed 152960K, reserved 1245184K
  class space    used 19009K, committed 19264K, reserved 1048576K
}
Event: 149.989 GC heap before
{Heap before GC invocations=114 (full 0):
 garbage-first heap   total 401408K, used 349056K [0x0000000700000000, 0x0000000800000000)
  region size 2048K, 106 young (217088K), 4 survivors (8192K)
 Metaspace       used 152385K, committed 152960K, reserved 1245184K
  class space    used 19009K, committed 19264K, reserved 1048576K
}
Event: 149.998 GC heap after
{Heap after GC invocations=115 (full 0):
 garbage-first heap   total 401408K, used 141148K [0x0000000700000000, 0x0000000800000000)
  region size 2048K, 4 young (8192K), 4 survivors (8192K)
 Metaspace       used 152385K, committed 152960K, reserved 1245184K
  class space    used 19009K, committed 19264K, reserved 1048576K
}
Event: 150.985 GC heap before
{Heap before GC invocations=115 (full 0):
 garbage-first heap   total 401408K, used 350044K [0x0000000700000000, 0x0000000800000000)
  region size 2048K, 106 young (217088K), 4 survivors (8192K)
 Metaspace       used 152386K, committed 152960K, reserved 1245184K
  class space    used 19009K, committed 19264K, reserved 1048576K
}
Event: 150.991 GC heap after
{Heap after GC invocations=116 (full 0):
 garbage-first heap   total 401408K, used 130014K [0x0000000700000000, 0x0000000800000000)
  region size 2048K, 2 young (4096K), 2 survivors (4096K)
 Metaspace       used 152386K, committed 152960K, reserved 1245184K
  class space    used 19009K, committed 19264K, reserved 1048576K
}
Event: 152.058 GC heap before
{Heap before GC invocations=116 (full 0):
 garbage-first heap   total 401408K, used 357342K [0x0000000700000000, 0x0000000800000000)
  region size 2048K, 111 young (227328K), 2 survivors (4096K)
 Metaspace       used 152394K, committed 153024K, reserved 1245184K
  class space    used 19009K, committed 19264K, reserved 1048576K
}
Event: 152.061 GC heap after
{Heap after GC invocations=117 (full 0):
 garbage-first heap   total 401408K, used 129653K [0x0000000700000000, 0x0000000800000000)
  region size 2048K, 2 young (4096K), 2 survivors (4096K)
 Metaspace       used 152394K, committed 153024K, reserved 1245184K
  class space    used 19009K, committed 19264K, reserved 1048576K
}
Event: 152.818 GC heap before
{Heap before GC invocations=117 (full 0):
 garbage-first heap   total 401408K, used 352885K [0x0000000700000000, 0x0000000800000000)
  region size 2048K, 111 young (227328K), 2 survivors (4096K)
 Metaspace       used 152394K, committed 153024K, reserved 1245184K
  class space    used 19009K, committed 19264K, reserved 1048576K
}
Event: 152.824 GC heap after
{Heap after GC invocations=118 (full 0):
 garbage-first heap   total 401408K, used 130029K [0x0000000700000000, 0x0000000800000000)
  region size 2048K, 2 young (4096K), 2 survivors (4096K)
 Metaspace       used 152394K, committed 153024K, reserved 1245184K
  class space    used 19009K, committed 19264K, reserved 1048576K
}

Dll operation events (3 events):
Event: 0.027 Loaded shared library C:\Program Files\Android\Android Studio\jbr\bin\java.dll
Event: 0.341 Loaded shared library C:\Program Files\Android\Android Studio\jbr\bin\zip.dll
Event: 1.299 Loaded shared library C:\Program Files\Android\Android Studio\jbr\bin\verify.dll

Deoptimization events (20 events):
Event: 153.717 Thread 0x000001f0071da3e0 Uncommon trap: trap_request=0xffffff45 fr.pc=0x000001f060fe04fc relative=0x000000000000007c
Event: 153.717 Thread 0x000001f0071da3e0 Uncommon trap: reason=unstable_if action=reinterpret pc=0x000001f060fe04fc method=java.time.LocalTime.create(IIII)Ljava/time/LocalTime; @ 5 c2
Event: 153.717 Thread 0x000001f0071da3e0 DEOPT PACKING pc=0x000001f060fe04fc sp=0x0000002847ff9570
Event: 153.717 Thread 0x000001f0071da3e0 DEOPT UNPACKING pc=0x000001f0606769a3 sp=0x0000002847ff9510 mode 2
Event: 153.720 Thread 0x000001f0071da3e0 Uncommon trap: trap_request=0xffffffbe fr.pc=0x000001f0617d2c3c relative=0x000000000000641c
Event: 153.720 Thread 0x000001f0071da3e0 Uncommon trap: reason=profile_predicate action=maybe_recompile pc=0x000001f0617d2c3c method=org.objectweb.asm.ClassReader.readMethod(Lorg/objectweb/asm/ClassVisitor;Lorg/objectweb/asm/Context;I)I @ 631 c2
Event: 153.720 Thread 0x000001f0071da3e0 DEOPT PACKING pc=0x000001f0617d2c3c sp=0x0000002847ff9680
Event: 153.720 Thread 0x000001f0071da3e0 DEOPT UNPACKING pc=0x000001f0606769a3 sp=0x0000002847ff9648 mode 2
Event: 153.750 Thread 0x000001f0071da3e0 Uncommon trap: trap_request=0xffffffc6 fr.pc=0x000001f0617d25b4 relative=0x0000000000005d94
Event: 153.751 Thread 0x000001f0071da3e0 Uncommon trap: reason=bimorphic_or_optimized_type_check action=maybe_recompile pc=0x000001f0617d25b4 method=org.objectweb.asm.ClassReader.readMethod(Lorg/objectweb/asm/ClassVisitor;Lorg/objectweb/asm/Context;I)I @ 803 c2
Event: 153.751 Thread 0x000001f0071da3e0 DEOPT PACKING pc=0x000001f0617d25b4 sp=0x0000002847ff9680
Event: 153.751 Thread 0x000001f0071da3e0 DEOPT UNPACKING pc=0x000001f0606769a3 sp=0x0000002847ff9630 mode 2
Event: 153.755 Thread 0x000001f0071da3e0 Uncommon trap: trap_request=0xffffffbe fr.pc=0x000001f0617d2c3c relative=0x000000000000641c
Event: 153.755 Thread 0x000001f0071da3e0 Uncommon trap: reason=profile_predicate action=maybe_recompile pc=0x000001f0617d2c3c method=org.objectweb.asm.ClassReader.readMethod(Lorg/objectweb/asm/ClassVisitor;Lorg/objectweb/asm/Context;I)I @ 631 c2
Event: 153.755 Thread 0x000001f0071da3e0 DEOPT PACKING pc=0x000001f0617d2c3c sp=0x0000002847ff9680
Event: 153.755 Thread 0x000001f0071da3e0 DEOPT UNPACKING pc=0x000001f0606769a3 sp=0x0000002847ff9648 mode 2
Event: 153.781 Thread 0x000001f0071da3e0 Uncommon trap: trap_request=0xffffffc6 fr.pc=0x000001f0613213d0 relative=0x0000000000000670
Event: 153.781 Thread 0x000001f0071da3e0 Uncommon trap: reason=bimorphic_or_optimized_type_check action=maybe_recompile pc=0x000001f0613213d0 method=java.util.HashMap.removeNode(ILjava/lang/Object;Ljava/lang/Object;ZZ)Ljava/util/HashMap$Node; @ 68 c2
Event: 153.781 Thread 0x000001f0071da3e0 DEOPT PACKING pc=0x000001f0613213d0 sp=0x0000002847ff9b20
Event: 153.781 Thread 0x000001f0071da3e0 DEOPT UNPACKING pc=0x000001f0606769a3 sp=0x0000002847ff9a48 mode 2

Classes unloaded (6 events):
Event: 63.303 Thread 0x000001f07492c5a0 Unloading class 0x0000000800631820 '_BuildScript_$_run_closure2'
Event: 63.303 Thread 0x000001f07492c5a0 Unloading class 0x0000000800631410 '_BuildScript_$_run_closure1$_closure4'
Event: 63.303 Thread 0x000001f07492c5a0 Unloading class 0x0000000800631000 '_BuildScript_$_run_closure1$_closure3$_closure5'
Event: 63.303 Thread 0x000001f07492c5a0 Unloading class 0x0000000800630968 '_BuildScript_$_run_closure1$_closure3'
Event: 63.303 Thread 0x000001f07492c5a0 Unloading class 0x0000000800630558 '_BuildScript_$_run_closure1'
Event: 63.303 Thread 0x000001f07492c5a0 Unloading class 0x0000000800630000 '_BuildScript_'

Classes redefined (0 events):
No events

Internal exceptions (20 events):
Event: 137.716 Thread 0x000001f0071da3e0 Exception <a 'sun/nio/fs/WindowsException'{0x0000000712578c20}> (0x0000000712578c20) 
thrown [s\src\hotspot\share\prims\jni.cpp, line 517]
Event: 137.898 Thread 0x000001f0071da3e0 Exception <a 'java/lang/NoSuchMethodError'{0x00000007122da640}: static Ljava/lang/Object;.<clinit>()V> (0x00000007122da640) 
thrown [s\src\hotspot\share\prims\jni.cpp, line 1108]
Event: 137.915 Thread 0x000001f0071da3e0 Exception <a 'java/lang/NoSuchMethodError'{0x00000007122ff060}: 'int java.lang.invoke.DirectMethodHandle$Holder.invokeSpecialIFC(java.lang.Object, java.lang.Object, java.lang.Object)'> (0x00000007122ff060) 
thrown [s\src\hotspot\share\interpreter\linkResolver.cpp, line 771]
Event: 153.531 Thread 0x000001f0071da3e0 Exception <a 'java/lang/NoSuchMethodError'{0x000000070eaee360}: static Lorg/gradle/api/internal/tasks/compile/daemon/DaemonGroovyCompiler$GroovyCompilerParameters;.<clinit>()V> (0x000000070eaee360) 
thrown [s\src\hotspot\share\prims\jni.cpp, line 1108]
Event: 153.531 Thread 0x000001f0071da3e0 Exception <a 'java/lang/NoSuchMethodError'{0x000000070eaf0d18}: static Lorg/gradle/api/internal/tasks/compile/daemon/CompilerWorkerExecutor$CompilerParameters;.<clinit>()V> (0x000000070eaf0d18) 
thrown [s\src\hotspot\share\prims\jni.cpp, line 1108]
Event: 153.533 Thread 0x000001f0071da3e0 Exception <a 'java/lang/NoSuchMethodError'{0x000000070eaff2d0}: static [Ljava/lang/Object;.<clinit>()V> (0x000000070eaff2d0) 
thrown [s\src\hotspot\share\prims\jni.cpp, line 1108]
Event: 153.535 Thread 0x000001f0071da3e0 Exception <a 'java/lang/NoSuchMethodError'{0x000000070eb13f40}: static Ljava/util/AbstractList;.<clinit>()V> (0x000000070eb13f40) 
thrown [s\src\hotspot\share\prims\jni.cpp, line 1108]
Event: 153.546 Thread 0x000001f0071da3e0 Exception <a 'java/lang/NoSuchMethodError'{0x000000070eb79dd0}: static Lorg/gradle/api/internal/tasks/compile/DefaultGroovyJavaJointCompileSpec;.<clinit>()V> (0x000000070eb79dd0) 
thrown [s\src\hotspot\share\prims\jni.cpp, line 1108]
Event: 153.547 Thread 0x000001f0071da3e0 Exception <a 'java/lang/NoSuchMethodError'{0x000000070eb7e360}: static Lorg/gradle/api/internal/tasks/compile/DefaultJavaCompileSpec;.<clinit>()V> (0x000000070eb7e360) 
thrown [s\src\hotspot\share\prims\jni.cpp, line 1108]
Event: 153.547 Thread 0x000001f0071da3e0 Exception <a 'java/lang/NoSuchMethodError'{0x000000070eb837f0}: static Lorg/gradle/api/internal/tasks/compile/DefaultJvmLanguageCompileSpec;.<clinit>()V> (0x000000070eb837f0) 
thrown [s\src\hotspot\share\prims\jni.cpp, line 1108]
Event: 153.565 Thread 0x000001f0071da3e0 Exception <a 'java/lang/NoSuchMethodError'{0x000000070e839368}: static Lorg/gradle/api/internal/tasks/compile/MinimalJavaCompileOptions;.<clinit>()V> (0x000000070e839368) 
thrown [s\src\hotspot\share\prims\jni.cpp, line 1108]
Event: 153.573 Thread 0x000001f0071da3e0 Exception <a 'java/lang/NoSuchMethodError'{0x000000070e8a5b98}: static Lorg/gradle/api/internal/tasks/compile/MinimalJavaCompilerDaemonForkOptions;.<clinit>()V> (0x000000070e8a5b98) 
thrown [s\src\hotspot\share\prims\jni.cpp, line 1108]
Event: 153.573 Thread 0x000001f0071da3e0 Exception <a 'java/lang/NoSuchMethodError'{0x000000070e8a80b0}: static Lorg/gradle/api/internal/tasks/compile/MinimalCompilerDaemonForkOptions;.<clinit>()V> (0x000000070e8a80b0) 
thrown [s\src\hotspot\share\prims\jni.cpp, line 1108]
Event: 153.575 Thread 0x000001f0071da3e0 Exception <a 'java/lang/NoSuchMethodError'{0x000000070e8bbfe8}: static Lorg/gradle/api/internal/tasks/compile/MinimalGroovyCompileOptions;.<clinit>()V> (0x000000070e8bbfe8) 
thrown [s\src\hotspot\share\prims\jni.cpp, line 1108]
Event: 153.578 Thread 0x000001f0071da3e0 Exception <a 'java/lang/NoSuchMethodError'{0x000000070e8e4718}: static Lorg/gradle/api/internal/tasks/compile/MinimalGroovyCompilerDaemonForkOptions;.<clinit>()V> (0x000000070e8e4718) 
thrown [s\src\hotspot\share\prims\jni.cpp, line 1108]
Event: 153.820 Thread 0x000001f0071da3e0 Exception <a 'java/lang/NoSuchMethodError'{0x000000070df261e8}: static Lorg/gradle/process/internal/worker/request/WorkerAction;.<clinit>()V> (0x000000070df261e8) 
thrown [s\src\hotspot\share\prims\jni.cpp, line 1108]
Event: 153.890 Thread 0x000001f07d53c5e0 Exception <a 'java/lang/NoSuchMethodError'{0x000000070dc12580}: 'void java.lang.invoke.DirectMethodHandle$Holder.invokeStatic(java.lang.Object, long)'> (0x000000070dc12580) 
thrown [s\src\hotspot\share\interpreter\linkResolver.cpp, line 771]
Event: 153.892 Thread 0x000001f07d53c5e0 Exception <a 'java/lang/NoSuchMethodError'{0x000000070dc17a98}: 'java.lang.Object java.lang.invoke.DirectMethodHandle$Holder.newInvokeSpecial(java.lang.Object, long)'> (0x000000070dc17a98) 
thrown [s\src\hotspot\share\interpreter\linkResolver.cpp, line 771]
Event: 153.898 Thread 0x000001f07d53c5e0 Exception <a 'java/lang/NoSuchMethodError'{0x000000070dc210d0}: 'java.lang.Object java.lang.invoke.DirectMethodHandle$Holder.invokeStatic(java.lang.Object, java.lang.Object, long, java.lang.Object)'> (0x000000070dc210d0) 
thrown [s\src\hotspot\share\interpreter\linkResolver.cpp, line 771]
Event: 153.899 Thread 0x000001f07d53c5e0 Exception <a 'java/lang/NoSuchMethodError'{0x000000070dc248a8}: 'java.lang.Object java.lang.invoke.DirectMethodHandle$Holder.invokeStaticInit(java.lang.Object, java.lang.Object, long, java.lang.Object)'> (0x000000070dc248a8) 
thrown [s\src\hotspot\share\interpreter\linkResolver.cpp, line 771]

VM Operations (20 events):
Event: 149.989 Executing VM operation: G1CollectForAllocation
Event: 149.999 Executing VM operation: G1CollectForAllocation done
Event: 150.985 Executing VM operation: G1CollectForAllocation
Event: 150.991 Executing VM operation: G1CollectForAllocation done
Event: 151.997 Executing VM operation: Cleanup
Event: 151.997 Executing VM operation: Cleanup done
Event: 152.057 Executing VM operation: G1CollectForAllocation
Event: 152.061 Executing VM operation: G1CollectForAllocation done
Event: 152.818 Executing VM operation: G1CollectForAllocation
Event: 152.824 Executing VM operation: G1CollectForAllocation done
Event: 153.688 Executing VM operation: HandshakeAllThreads
Event: 153.688 Executing VM operation: HandshakeAllThreads done
Event: 153.691 Executing VM operation: HandshakeAllThreads
Event: 153.691 Executing VM operation: HandshakeAllThreads done
Event: 153.906 Executing VM operation: HandshakeAllThreads
Event: 153.906 Executing VM operation: HandshakeAllThreads done
Event: 153.906 Executing VM operation: Cleanup
Event: 153.907 Executing VM operation: Cleanup done
Event: 154.921 Executing VM operation: Cleanup
Event: 154.921 Executing VM operation: Cleanup done

Events (20 events):
Event: 153.537 loading class java/io/SerialCallbackContext
Event: 153.537 loading class java/io/SerialCallbackContext done
Event: 153.679 Thread 0x000001f07d53b2a0 Thread added: 0x000001f07d53b2a0
Event: 153.681 Thread 0x000001f07c672940 Thread added: 0x000001f07c672940
Event: 153.716 Thread 0x000001f07f1156e0 Thread added: 0x000001f07f1156e0
Event: 153.860 Thread 0x000001f07d53c5e0 Thread added: 0x000001f07d53c5e0
Event: 153.864 loading class java/lang/ProcessImpl
Event: 153.867 loading class java/lang/ProcessImpl done
Event: 153.893 loading class java/lang/ProcessHandleImpl
Event: 153.895 loading class java/lang/ProcessHandleImpl done
Event: 153.900 loading class java/lang/ProcessImpl$2
Event: 153.901 loading class java/lang/ProcessImpl$2 done
Event: 153.901 loading class java/lang/Process$PipeInputStream
Event: 153.901 loading class java/lang/Process$PipeInputStream done
Event: 153.907 loading class jdk/internal/event/ProcessStartEvent
Event: 153.908 loading class jdk/internal/event/ProcessStartEvent done
Event: 153.913 Thread 0x000001f07d53b770 Thread added: 0x000001f07d53b770
Event: 153.916 Thread 0x000001f07d53c110 Thread added: 0x000001f07d53c110
Event: 153.916 Thread 0x000001f07d53cab0 Thread added: 0x000001f07d53cab0
Event: 153.916 Thread 0x000001f07d53cf80 Thread added: 0x000001f07d53cf80


Dynamic libraries:
0x00007ff7288d0000 - 0x00007ff7288da000 	C:\Program Files\Android\Android Studio\jbr\bin\java.exe
0x00007fff73060000 - 0x00007fff732c3000 	C:\WINDOWS\SYSTEM32\ntdll.dll
0x00007fff713e0000 - 0x00007fff714a7000 	C:\WINDOWS\System32\KERNEL32.DLL
0x00007fff70740000 - 0x00007fff70b07000 	C:\WINDOWS\System32\KERNELBASE.dll
0x00007fff704c0000 - 0x00007fff7060c000 	C:\WINDOWS\System32\ucrtbase.dll
0x00007fff3c630000 - 0x00007fff3c647000 	C:\Program Files\Android\Android Studio\jbr\bin\jli.dll
0x00007fff19a10000 - 0x00007fff19a2b000 	C:\Program Files\Android\Android Studio\jbr\bin\VCRUNTIME140.dll
0x00007fff71010000 - 0x00007fff711d9000 	C:\WINDOWS\System32\USER32.dll
0x00007fff52a80000 - 0x00007fff52d10000 	C:\WINDOWS\WinSxS\amd64_microsoft.windows.common-controls_6595b64144ccf1df_6.0.26100.3037_none_3e09262ce333c378\COMCTL32.dll
0x00007fff70b10000 - 0x00007fff70b37000 	C:\WINDOWS\System32\win32u.dll
0x00007fff71280000 - 0x00007fff71329000 	C:\WINDOWS\System32\msvcrt.dll
0x00007fff719c0000 - 0x00007fff719ea000 	C:\WINDOWS\System32\GDI32.dll
0x00007fff70610000 - 0x00007fff7073b000 	C:\WINDOWS\System32\gdi32full.dll
0x00007fff70bd0000 - 0x00007fff70c73000 	C:\WINDOWS\System32\msvcp_win.dll
0x00007fff71cb0000 - 0x00007fff71cdf000 	C:\WINDOWS\System32\IMM32.DLL
0x00007fff4fe10000 - 0x00007fff4fe1c000 	C:\Program Files\Android\Android Studio\jbr\bin\vcruntime140_1.dll
0x00007ffee3450000 - 0x00007ffee34dd000 	C:\Program Files\Android\Android Studio\jbr\bin\msvcp140.dll
0x00007ffeb05d0000 - 0x00007ffeb1250000 	C:\Program Files\Android\Android Studio\jbr\bin\server\jvm.dll
0x00007fff71bf0000 - 0x00007fff71ca4000 	C:\WINDOWS\System32\ADVAPI32.dll
0x00007fff71330000 - 0x00007fff713d6000 	C:\WINDOWS\System32\sechost.dll
0x00007fff72180000 - 0x00007fff72296000 	C:\WINDOWS\System32\RPCRT4.dll
0x00007fff5e5b0000 - 0x00007fff5e5e6000 	C:\WINDOWS\SYSTEM32\WINMM.dll
0x00007fff69af0000 - 0x00007fff69afb000 	C:\WINDOWS\SYSTEM32\VERSION.dll
0x00007fff4cdf0000 - 0x00007fff4cdfa000 	C:\WINDOWS\SYSTEM32\WSOCK32.dll
0x00007fff70f20000 - 0x00007fff70f94000 	C:\WINDOWS\System32\WS2_32.dll
0x00007fff6f320000 - 0x00007fff6f33a000 	C:\WINDOWS\SYSTEM32\kernel.appcore.dll
0x00007fff492c0000 - 0x00007fff492ca000 	C:\Program Files\Android\Android Studio\jbr\bin\jimage.dll
0x00007fff5b0b0000 - 0x00007fff5b2f1000 	C:\WINDOWS\SYSTEM32\DBGHELP.DLL
0x00007fff714c0000 - 0x00007fff7183e000 	C:\WINDOWS\System32\combase.dll
0x00007fff72c10000 - 0x00007fff72ce6000 	C:\WINDOWS\System32\OLEAUT32.dll
0x00007fff57150000 - 0x00007fff57189000 	C:\WINDOWS\SYSTEM32\dbgcore.DLL
0x00007fff70e00000 - 0x00007fff70e99000 	C:\WINDOWS\System32\bcryptPrimitives.dll
0x00007fff610e0000 - 0x00007fff610ee000 	C:\Program Files\Android\Android Studio\jbr\bin\instrument.dll
0x00007fff14650000 - 0x00007fff14675000 	C:\Program Files\Android\Android Studio\jbr\bin\java.dll
0x00007fff148b0000 - 0x00007fff148c8000 	C:\Program Files\Android\Android Studio\jbr\bin\zip.dll
0x00007fff72500000 - 0x00007fff72c04000 	C:\WINDOWS\System32\SHELL32.dll
0x00007fff6e100000 - 0x00007fff6e937000 	C:\WINDOWS\SYSTEM32\windows.storage.dll
0x00007fff71850000 - 0x00007fff71939000 	C:\WINDOWS\System32\SHCORE.dll
0x00007fff72fc0000 - 0x00007fff7301d000 	C:\WINDOWS\System32\shlwapi.dll
0x00007fff70310000 - 0x00007fff7033e000 	C:\WINDOWS\SYSTEM32\profapi.dll
0x00007fff11be0000 - 0x00007fff11bf9000 	C:\Program Files\Android\Android Studio\jbr\bin\net.dll
0x00007fff6c860000 - 0x00007fff6c97e000 	C:\WINDOWS\SYSTEM32\WINHTTP.dll
0x00007fff6f850000 - 0x00007fff6f8b8000 	C:\WINDOWS\system32\mswsock.dll
0x00007fff10000000 - 0x00007fff10016000 	C:\Program Files\Android\Android Studio\jbr\bin\nio.dll
0x00007fff3c600000 - 0x00007fff3c610000 	C:\Program Files\Android\Android Studio\jbr\bin\verify.dll
0x00007fff61380000 - 0x00007fff613a7000 	C:\Users\Praveen Chandra\.gradle\native\68d5fa5c4cc2d200863cafc0d521ce42e7d3e7ee720ec0a83991735586a16f82\windows-amd64\native-platform.dll
0x00007ffee1eb0000 - 0x00007ffee1ff4000 	C:\Users\Praveen Chandra\.gradle\native\e376f236ea51e6404a007f0833ffe2c6e607c4080706a723a18a27aeea778392\windows-amd64\native-platform-file-events.dll
0x00007fff61370000 - 0x00007fff61379000 	C:\Program Files\Android\Android Studio\jbr\bin\management.dll
0x00007fff610f0000 - 0x00007fff610fb000 	C:\Program Files\Android\Android Studio\jbr\bin\management_ext.dll
0x00007fff714b0000 - 0x00007fff714b8000 	C:\WINDOWS\System32\PSAPI.DLL
0x00007fff6faf0000 - 0x00007fff6fb0c000 	C:\WINDOWS\SYSTEM32\CRYPTSP.dll
0x00007fff6f280000 - 0x00007fff6f2b8000 	C:\WINDOWS\system32\rsaenh.dll
0x00007fff6f8f0000 - 0x00007fff6f91b000 	C:\WINDOWS\SYSTEM32\USERENV.dll
0x00007fff6fd30000 - 0x00007fff6fd56000 	C:\WINDOWS\SYSTEM32\bcrypt.dll
0x00007fff6fb10000 - 0x00007fff6fb1c000 	C:\WINDOWS\SYSTEM32\CRYPTBASE.dll
0x00007fff6ecb0000 - 0x00007fff6ece2000 	C:\WINDOWS\SYSTEM32\IPHLPAPI.DLL
0x00007fff71270000 - 0x00007fff7127a000 	C:\WINDOWS\System32\NSI.dll
0x00007fff6c830000 - 0x00007fff6c84f000 	C:\WINDOWS\SYSTEM32\dhcpcsvc6.DLL
0x00007fff6c800000 - 0x00007fff6c825000 	C:\WINDOWS\SYSTEM32\dhcpcsvc.DLL
0x00007fff6eda0000 - 0x00007fff6eec5000 	C:\WINDOWS\SYSTEM32\DNSAPI.dll
0x00007fff15450000 - 0x00007fff15458000 	C:\WINDOWS\system32\wshunix.dll
0x00007fff69400000 - 0x00007fff6940b000 	C:\Windows\System32\rasadhlp.dll
0x00007fff6c290000 - 0x00007fff6c315000 	C:\WINDOWS\System32\fwpuclnt.dll

dbghelp: loaded successfully - version: 4.0.5 - missing functions: none
symbol engine: initialized successfully - sym options: 0x614 - pdb path: .;C:\Program Files\Android\Android Studio\jbr\bin;C:\WINDOWS\SYSTEM32;C:\WINDOWS\WinSxS\amd64_microsoft.windows.common-controls_6595b64144ccf1df_6.0.26100.3037_none_3e09262ce333c378;C:\Program Files\Android\Android Studio\jbr\bin\server;C:\Users\Praveen Chandra\.gradle\native\68d5fa5c4cc2d200863cafc0d521ce42e7d3e7ee720ec0a83991735586a16f82\windows-amd64;C:\Users\Praveen Chandra\.gradle\native\e376f236ea51e6404a007f0833ffe2c6e607c4080706a723a18a27aeea778392\windows-amd64

VM Arguments:
jvm_args: -XX:MaxMetaspaceSize=2G -XX:+HeapDumpOnOutOfMemoryError --add-opens=java.base/java.util=ALL-UNNAMED --add-opens=java.base/java.lang=ALL-UNNAMED --add-opens=java.base/java.lang.invoke=ALL-UNNAMED --add-opens=java.prefs/java.util.prefs=ALL-UNNAMED --add-opens=java.base/java.nio.charset=ALL-UNNAMED --add-opens=java.base/java.net=ALL-UNNAMED --add-opens=java.base/java.util.concurrent.atomic=ALL-UNNAMED -Xmx4G -Dfile.encoding=windows-1252 -Duser.country=IN -Duser.language=en -Duser.variant -javaagent:C:\Users\Praveen Chandra\.gradle\wrapper\dists\gradle-8.3-all\6en3ugtfdg5xnpx44z4qbwgas\gradle-8.3\lib\agents\gradle-instrumentation-agent-8.3.jar 
java_command: org.gradle.launcher.daemon.bootstrap.GradleDaemon 8.3
java_class_path (initial): C:\Users\Praveen Chandra\.gradle\wrapper\dists\gradle-8.3-all\6en3ugtfdg5xnpx44z4qbwgas\gradle-8.3\lib\gradle-launcher-8.3.jar
Launcher Type: SUN_STANDARD

[Global flags]
     intx CICompilerCount                          = 4                                         {product} {ergonomic}
     uint ConcGCThreads                            = 3                                         {product} {ergonomic}
     uint G1ConcRefinementThreads                  = 10                                        {product} {ergonomic}
   size_t G1HeapRegionSize                         = 2097152                                   {product} {ergonomic}
    uintx GCDrainStackTargetSize                   = 64                                        {product} {ergonomic}
     bool HeapDumpOnOutOfMemoryError               = true                                   {manageable} {command line}
   size_t InitialHeapSize                          = 132120576                                 {product} {ergonomic}
   size_t MarkStackSize                            = 4194304                                   {product} {ergonomic}
   size_t MaxHeapSize                              = 4294967296                                {product} {command line}
   size_t MaxMetaspaceSize                         = 2147483648                                {product} {command line}
   size_t MaxNewSize                               = 2575302656                                {product} {ergonomic}
   size_t MinHeapDeltaBytes                        = 2097152                                   {product} {ergonomic}
   size_t MinHeapSize                              = 8388608                                   {product} {ergonomic}
    uintx NonNMethodCodeHeapSize                   = 5839372                                {pd product} {ergonomic}
    uintx NonProfiledCodeHeapSize                  = 122909434                              {pd product} {ergonomic}
    uintx ProfiledCodeHeapSize                     = 122909434                              {pd product} {ergonomic}
    uintx ReservedCodeCacheSize                    = 251658240                              {pd product} {ergonomic}
     bool SegmentedCodeCache                       = true                                      {product} {ergonomic}
   size_t SoftMaxHeapSize                          = 4294967296                             {manageable} {ergonomic}
     bool UseCompressedClassPointers               = true                           {product lp64_product} {ergonomic}
     bool UseCompressedOops                        = true                           {product lp64_product} {ergonomic}
     bool UseG1GC                                  = true                                      {product} {ergonomic}
     bool UseLargePagesIndividualAllocation        = false                                  {pd product} {ergonomic}

Logging:
Log output configuration:
 #0: stdout all=warning uptime,level,tags
 #1: stderr all=off uptime,level,tags

Environment Variables:
JAVA_HOME=C:\Program Files\Android\Android Studio\jbr
CLASSPATH=D:\Flutter\employee-manager\android\\gradle\wrapper\gradle-wrapper.jar
PATH=C:\Program Files\Android\Android Studio\jbr\bin;C:\Python311\Scripts\;C:\Python311\;C:\oraclexe\app\oracle\product\10.2.0\server\bin;C:\Program Files\Common Files\Oracle\Java\javapath;C:\Program Files (x86)\Common Files\Oracle\Java\java8path;C:\Program Files (x86)\Common Files\Oracle\Java\javapath;C:\Python310\Scripts\;C:\Python310\;C:\Windows\system32;C:\Windows;C:\Windows\System32\Wbem;C:\Windows\System32\WindowsPowerShell\v1.0\;C:\Windows\System32\OpenSSH\;C:\Program Files (x86)\NVIDIA Corporation\PhysX\Common;C:\Program Files\NVIDIA Corporation\NVIDIA NvDLISR;D:\src\flutter\platform-tools;D:\src\flutter\platforms;C:\WINDOWS\system32;C:\WINDOWS;C:\WINDOWS\System32\Wbem;C:\WINDOWS\System32\WindowsPowerShell\v1.0\;C:\WINDOWS\System32\OpenSSH\;C:\Program Files\Git\cmd;C:\Program Files\Java\jdk-17.0.1\bin;C:\ProgramData\chocolatey\bin;C:\Program Files\nodejs\;D:\src\flutter\bin;C:\Program Files\dotnet\;C:\Users\Praveen Chandra\AppData\Local\Microsoft\WindowsApps;E:\Microsoft VS Code\bin;E:\MinGW\bin;D:\src\flutter\bin;D:\src\flutter\bin\cache\dart-sdk\bin;C:\Program Files\Java\jdk-17.0.1\bin;C:\Program Files\MongoDB\Server\6.0\bin;C:\Program Files\MongoDB\Server\6.0;C:\Users\Praveen Chandra\AppData\Roaming\npm;C:\Program Files\nodejs;C:\Users\Praveen Chandra\AppData\Local\pip;C:\Users\Praveen Chandra\.dotnet\tools;C:\Program Files\dotnet;C:\Program Files\CMake\bin;;D:\src\flutter\bin\mingit\cmd;D:\src\flutter\bin\mingit\cmd
USERNAME=Praveen Chandra
OS=Windows_NT
PROCESSOR_IDENTIFIER=Intel64 Family 6 Model 165 Stepping 2, GenuineIntel
TMP=C:\Users\PRAVEE~1\AppData\Local\Temp
TEMP=C:\Users\PRAVEE~1\AppData\Local\Temp


JNI global refs:
JNI global refs: 30, weak refs: 30

JNI global refs memory usage: 843, weak refs: 841

OOME stack traces (most recent first):
Classloader memory used:
Loader org.gradle.internal.classloader.VisitableURLClassLoader                         : 13794K
Loader bootstrap                                                                       : 3599K
Loader org.gradle.initialization.MixInLegacyTypesClassLoader                           : 1547K
Loader jdk.internal.loader.ClassLoaders$PlatformClassLoader                            : 101519B
Loader jdk.internal.reflect.DelegatingClassLoader                                      : 47562B
Loader jdk.internal.jrtfs.JrtFileSystemProvider$JrtFsLoader                            : 42542B
Loader jdk.internal.loader.ClassLoaders$AppClassLoader                                 : 28457B
Loader org.gradle.internal.classloader.VisitableURLClassLoader$InstrumentingVisitableURLClassLoader: 5621B
Loader org.gradle.groovy.scripts.internal.DefaultScriptCompilationHandler$ScriptClassLoader: 5071B
Loader org.codehaus.groovy.runtime.callsite.CallSiteClassLoader                        : 1879B
Loader sun.reflect.misc.MethodUtil                                                     : 373B

Classes loaded by more than one classloader:
Class Program                                                                         : loaded 3 times (x 70B)
Class org.gradle.internal.classpath.ClassPath                                         : loaded 2 times (x 68B)
Class org.gradle.api.internal.classpath.DefaultModuleRegistry                         : loaded 2 times (x 84B)
Class jdk.internal.jimage.BasicImageReader$1                                          : loaded 2 times (x 75B)
Class org.gradle.api.Action                                                           : loaded 2 times (x 68B)
Class jdk.internal.jimage.ImageBufferCache$1                                          : loaded 2 times (x 78B)
Class jdk.internal.jimage.ImageBufferCache$2                                          : loaded 2 times (x 89B)
Class org.gradle.api.internal.DefaultClassPathProvider                                : loaded 2 times (x 74B)
Class org.gradle.internal.installation.GradleInstallation$1                           : loaded 2 times (x 73B)
Class jdk.internal.jrtfs.SystemImage$1                                                : loaded 2 times (x 76B)
Class jdk.internal.jrtfs.SystemImage$2                                                : loaded 2 times (x 74B)
Class org.gradle.internal.classloader.FilteringClassLoader                            : loaded 2 times (x 102B)
Class jdk.internal.jimage.ImageReader$Resource                                        : loaded 2 times (x 82B)
Class jdk.internal.jrtfs.SystemImage                                                  : loaded 2 times (x 72B)
Class org.gradle.internal.classpath.DefaultClassPath$ImmutableUniqueList$Builder      : loaded 2 times (x 73B)
Class jdk.internal.jrtfs.JrtDirectoryStream$1                                         : loaded 2 times (x 81B)
Class org.gradle.internal.classloader.ClassLoaderVisitor                              : loaded 2 times (x 74B)
Class org.gradle.internal.service.DefaultServiceLocator                               : loaded 2 times (x 81B)
Class org.gradle.internal.service.UnknownServiceException                             : loaded 2 times (x 81B)
Class org.gradle.internal.classloader.DefaultClassLoaderFactory                       : loaded 2 times (x 80B)
Class jdk.internal.jimage.ImageReader$SharedImageReader                               : loaded 2 times (x 93B)
Class jdk.internal.jimage.decompressor.ZipDecompressorFactory                         : loaded 2 times (x 72B)
Class org.gradle.internal.classloader.VisitableURLClassLoader$Spec                    : loaded 2 times (x 72B)
Class org.gradle.api.GradleException                                                  : loaded 2 times (x 80B)
Class org.gradle.api.internal.classpath.ModuleRegistry                                : loaded 2 times (x 68B)
Class org.gradle.api.internal.ClassPathProvider                                       : loaded 2 times (x 68B)
Class org.gradle.internal.classloader.ClasspathUtil$1                                 : loaded 2 times (x 74B)
Class org.gradle.internal.classloader.ClassLoaderFactory                              : loaded 2 times (x 68B)
Class jdk.internal.jimage.ImageHeader                                                 : loaded 2 times (x 69B)
Class org.gradle.api.internal.classpath.ManifestUtil                                  : loaded 2 times (x 69B)
Class org.gradle.api.specs.Spec                                                       : loaded 2 times (x 68B)
Class org.gradle.internal.IoActions                                                   : loaded 2 times (x 69B)
Class jdk.internal.jimage.decompressor.StringSharingDecompressorFactory               : loaded 2 times (x 72B)
Class org.gradle.api.internal.classpath.EffectiveClassPath                            : loaded 2 times (x 88B)
Class org.gradle.internal.installation.CurrentGradleInstallation                      : loaded 2 times (x 71B)
Class org.gradle.internal.agents.InstrumentingClassLoader                             : loaded 2 times (x 68B)
Class org.gradle.internal.installation.CurrentGradleInstallationLocator               : loaded 2 times (x 69B)
Class org.gradle.api.internal.classpath.Module                                        : loaded 2 times (x 68B)
Class org.gradle.internal.service.CachingServiceLocator                               : loaded 2 times (x 80B)
Class org.gradle.internal.classpath.DefaultClassPath                                  : loaded 2 times (x 88B)
Class jdk.internal.jimage.BasicImageReader                                            : loaded 2 times (x 93B)
Class Build_gradle$1                                                                  : loaded 2 times (x 72B)
Class jdk.internal.jimage.ImageLocation                                               : loaded 2 times (x 88B)
Class jdk.internal.jimage.ImageReader$Node                                            : loaded 2 times (x 82B)
Class jdk.internal.jimage.decompressor.CompressedResourceHeader                       : loaded 2 times (x 69B)
Class jdk.internal.jrtfs.JrtPath                                                      : loaded 2 times (x 116B)
Class jdk.internal.jimage.ImageStrings                                                : loaded 2 times (x 68B)
Class jdk.internal.jrtfs.JrtFileAttributes                                            : loaded 2 times (x 81B)
Class org.gradle.internal.classloader.SystemClassLoaderSpec                           : loaded 2 times (x 69B)
Class jdk.internal.jimage.decompressor.ResourceDecompressorRepository                 : loaded 2 times (x 69B)
Class org.gradle.api.UncheckedIOException                                             : loaded 2 times (x 80B)
Class jdk.internal.jimage.decompressor.ResourceDecompressor$StringsProvider           : loaded 2 times (x 68B)
Class org.gradle.internal.installation.GradleInstallation                             : loaded 2 times (x 73B)
Class jdk.internal.jimage.decompressor.Decompressor                                   : loaded 2 times (x 70B)
Class jdk.internal.jrtfs.JrtFileSystem                                                : loaded 2 times (x 100B)
Class jdk.internal.jrtfs.JrtFileSystemProvider                                        : loaded 2 times (x 97B)
Class org.gradle.internal.classloader.ClasspathUtil                                   : loaded 2 times (x 69B)
Class jdk.internal.jrtfs.JrtDirectoryStream                                           : loaded 2 times (x 87B)
Class jdk.internal.jimage.decompressor.ResourceDecompressor                           : loaded 2 times (x 68B)
Class org.gradle.api.internal.DefaultClassPathRegistry                                : loaded 2 times (x 74B)
Class org.gradle.api.internal.classpath.DefaultModuleRegistry$DefaultModule           : loaded 2 times (x 84B)
Class org.gradle.api.internal.classpath.UnknownModuleException                        : loaded 2 times (x 80B)
Class org.gradle.internal.service.ServiceLookupException                              : loaded 2 times (x 80B)
Class jdk.internal.jimage.ImageStringsReader                                          : loaded 2 times (x 78B)
Class org.gradle.cache.GlobalCache                                                    : loaded 2 times (x 68B)
Class jdk.internal.jimage.decompressor.ResourceDecompressorFactory                    : loaded 2 times (x 72B)
Class [Lorg.gradle.api.internal.ClassPathProvider;                                    : loaded 2 times (x 67B)
Class jdk.internal.jimage.ImageReader$SharedImageReader$LocationVisitor               : loaded 2 times (x 68B)
Class org.gradle.util.internal.GUtil                                                  : loaded 2 times (x 69B)
Class jdk.internal.jimage.decompressor.ZipDecompressor                                : loaded 2 times (x 73B)
Class org.gradle.internal.classloader.ClassLoaderSpec                                 : loaded 2 times (x 69B)
Class org.gradle.internal.classloader.VisitableURLClassLoader                         : loaded 2 times (x 114B)
Class org.gradle.internal.Cast                                                        : loaded 2 times (x 69B)
Class Build_gradle                                                                    : loaded 2 times (x 128B)
Class org.gradle.api.internal.ClassPathRegistry                                       : loaded 2 times (x 68B)
Class org.gradle.internal.classloader.VisitableURLClassLoader$InstrumentingVisitableURLClassLoader: loaded 2 times (x 120B)
Class org.gradle.internal.classloader.ClassLoaderHierarchy                            : loaded 2 times (x 68B)
Class jdk.internal.jimage.ImageReader                                                 : loaded 2 times (x 73B)
Class org.gradle.internal.InternalTransformer                                         : loaded 2 times (x 68B)
Class org.gradle.internal.service.ServiceLocator                                      : loaded 2 times (x 68B)
Class org.gradle.internal.classpath.DefaultClassPath$ImmutableUniqueList              : loaded 2 times (x 159B)
Class jdk.internal.jimage.ImageBufferCache                                            : loaded 2 times (x 69B)
Class org.gradle.internal.classpath.TransformedClassPath                              : loaded 2 times (x 94B)
Class jdk.internal.jimage.ImageReader$Directory                                       : loaded 2 times (x 82B)


---------------  S Y S T E M  ---------------

OS:
 Windows 11 , 64 bit Build 26100 (10.0.26100.3037)
OS uptime: 3 days 23:02 hours
Hyper-V role detected

CPU: total 12 (initial active 12) (6 cores per cpu, 2 threads per core) family 6 model 165 stepping 2 microcode 0xe2, cx8, cmov, fxsr, ht, mmx, 3dnowpref, sse, sse2, sse3, ssse3, sse4.1, sse4.2, popcnt, lzcnt, tsc, tscinvbit, avx, avx2, aes, erms, clmul, bmi1, bmi2, adx, fma, vzeroupper, clflush, clflushopt, hv

Memory: 4k page, system-wide physical 8013M (1006M free)
TotalPageFile size 14541M (AvailPageFile size 43M)
current process WorkingSet (physical memory assigned to process): 756M, peak: 769M
current process commit charge ("private bytes"): 817M, peak: 829M

vm_info: OpenJDK 64-Bit Server VM (17.0.7+0-b2043.56-10550314) for windows-amd64 JRE (17.0.7+0-b2043.56-10550314), built on Jul 24 2023 18:27:45 by "androidbuild" with MS VC++ 16.10 / 16.11 (VS2019)

END.
