#
# There is insufficient memory for the Java Runtime Environment to continue.
# Native memory allocation (mmap) failed to map 58720256 bytes for G1 virtual space
# Possible reasons:
#   The system is out of physical RAM or swap space
#   The process is running with CompressedOops enabled, and the Java Heap may be blocking the growth of the native heap
# Possible solutions:
#   Reduce memory load on the system
#   Increase physical memory or swap space
#   Check if swap backing store is full
#   Decrease Java heap size (-Xmx/-Xms)
#   Decrease number of Java threads
#   Decrease Java thread stack sizes (-Xss)
#   Set larger code cache with -XX:ReservedCodeCacheSize=
#   JVM is running with Zero Based Compressed Oops mode in which the Java heap is
#     placed in the first 32GB address space. The Java Heap base address is the
#     maximum limit for the native heap growth. Please use -XX:HeapBaseMinAddress
#     to set the Java Heap base and to place the Java Heap above 32GB virtual address.
# This output file may be truncated or incomplete.
#
#  Out of Memory Error (os_windows.cpp:3771), pid=12820, tid=23996
#
# JRE version: OpenJDK Runtime Environment (17.0.7) (build 17.0.7+0-b2043.56-10550314)
# Java VM: OpenJDK 64-Bit Server VM (17.0.7+0-b2043.56-10550314, mixed mode, tiered, compressed oops, compressed class ptrs, g1 gc, windows-amd64)
# No core dump will be written. Minidumps are not enabled by default on client versions of Windows
#

---------------  S U M M A R Y ------------

Command Line: -XX:MaxMetaspaceSize=2G -XX:+HeapDumpOnOutOfMemoryError --add-opens=java.base/java.util=ALL-UNNAMED --add-opens=java.base/java.lang=ALL-UNNAMED --add-opens=java.base/java.lang.invoke=ALL-UNNAMED --add-opens=java.prefs/java.util.prefs=ALL-UNNAMED --add-opens=java.base/java.nio.charset=ALL-UNNAMED --add-opens=java.base/java.net=ALL-UNNAMED --add-opens=java.base/java.util.concurrent.atomic=ALL-UNNAMED -Xmx4G -Dfile.encoding=windows-1252 -Duser.country=IN -Duser.language=en -Duser.variant -javaagent:C:\Users\Praveen Chandra\.gradle\wrapper\dists\gradle-8.3-all\6en3ugtfdg5xnpx44z4qbwgas\gradle-8.3\lib\agents\gradle-instrumentation-agent-8.3.jar org.gradle.launcher.daemon.bootstrap.GradleDaemon 8.3

Host: Intel(R) Core(TM) i7-10750H CPU @ 2.60GHz, 12 cores, 7G,  Windows 11 , 64 bit Build 26100 (10.0.26100.3037)
Time: Wed Feb 12 20:44:56 2025 India Standard Time elapsed time: 60.804927 seconds (0d 0h 1m 0s)

---------------  T H R E A D  ---------------

Current thread (0x000001d0fdb24610):  VMThread "VM Thread" [stack: 0x000000be6d700000,0x000000be6d800000] [id=23996]

Stack: [0x000000be6d700000,0x000000be6d800000]
Native frames: (J=compiled Java code, j=interpreted, Vv=VM code, C=native code)
V  [jvm.dll+0x683bfa]
V  [jvm.dll+0x8430a4]
V  [jvm.dll+0x8449be]
V  [jvm.dll+0x845023]
V  [jvm.dll+0x24ad2f]
V  [jvm.dll+0x680ac9]
V  [jvm.dll+0x67519a]
V  [jvm.dll+0x30b3cb]
V  [jvm.dll+0x312876]
V  [jvm.dll+0x36221e]
V  [jvm.dll+0x36244f]
V  [jvm.dll+0x2e14a8]
V  [jvm.dll+0x2df684]
V  [jvm.dll+0x2dec8c]
V  [jvm.dll+0x32382b]
V  [jvm.dll+0x8496eb]
V  [jvm.dll+0x84a424]
V  [jvm.dll+0x84a93d]
V  [jvm.dll+0x84ad14]
V  [jvm.dll+0x84ade0]
V  [jvm.dll+0x7f2aea]
V  [jvm.dll+0x682a35]
C  [ucrtbase.dll+0x37b0]
C  [KERNEL32.DLL+0x2e8d7]
C  [ntdll.dll+0xbbf2c]

VM_Operation (0x000000be70cfe190): G1CollectForAllocation, mode: safepoint, requested by thread 0x000001d086f87820


---------------  P R O C E S S  ---------------

Threads class SMR info:
_java_thread_list=0x000001d084a975e0, length=95, elements={
0x000001d0de32ffe0, 0x000001d0fdb4b030, 0x000001d0fdb4c460, 0x000001d0fdb835b0,
0x000001d0fdb83e70, 0x000001d0fdb852a0, 0x000001d0fdb7bd80, 0x000001d0fdb89b80,
0x000001d0fdb8e4f0, 0x000001d0fdb97970, 0x000001d0fdcd3fd0, 0x000001d0fddd6f20,
0x000001d0ff25b540, 0x000001d0840514a0, 0x000001d0847feb70, 0x000001d0fe3bab90,
0x000001d08500f650, 0x000001d0fec8b940, 0x000001d0fec8c2e0, 0x000001d0fec8be10,
0x000001d0fec8c7b0, 0x000001d0fec892c0, 0x000001d0fec8a600, 0x000001d0fec89790,
0x000001d0fec89c60, 0x000001d0fec8afa0, 0x000001d0fec8a130, 0x000001d0fec8b470,
0x000001d086f7ffd0, 0x000001d086f81310, 0x000001d086f82b20, 0x000001d086f817e0,
0x000001d086f834c0, 0x000001d086f81cb0, 0x000001d086f83990, 0x000001d086f82180,
0x000001d086f82650, 0x000001d086f804a0, 0x000001d086f80970, 0x000001d086f87820,
0x000001d086f864e0, 0x000001d086f84330, 0x000001d086f84800, 0x000001d086f85b40,
0x000001d086f84cd0, 0x000001d086f869b0, 0x000001d086f86e80, 0x000001d086f87350,
0x000001d0fe655800, 0x000001d0fe655cd0, 0x000001d0fe653ff0, 0x000001d0fe6561a0,
0x000001d0fe655330, 0x000001d0fe657010, 0x000001d0fe6574e0, 0x000001d0fe654990,
0x000001d0fe653b20, 0x000001d0fe656670, 0x000001d0fe656b40, 0x000001d0fe654e60,
0x000001d0fe6579b0, 0x000001d0fe657e80, 0x000001d0fe6544c0, 0x000001d0fe658cf0,
0x000001d0fe6591c0, 0x000001d0fe65aea0, 0x000001d0fe658350, 0x000001d0fe659b60,
0x000001d0fe658820, 0x000001d0fe65a030, 0x000001d0fe65a500, 0x000001d0fe65a9d0,
0x000001d0fe659690, 0x000001d0fe65b370, 0x000001d084f0ca30, 0x000001d084f0dd70,
0x000001d084f0e240, 0x000001d084f0a880, 0x000001d084f0c090, 0x000001d084f0b220,
0x000001d084f0c560, 0x000001d084f0cf00, 0x000001d084f0b6f0, 0x000001d084f0ad50,
0x000001d084f0d8a0, 0x000001d084f0ebe0, 0x000001d084f0e710, 0x000001d084f0f0b0,
0x000001d084f0f580, 0x000001d084f0bbc0, 0x000001d084f0fa50, 0x000001d084f11c00,
0x000001d084f0ff20, 0x000001d0fedb79a0, 0x000001d0fedb9800
}

Java Threads: ( => current thread )
  0x000001d0de32ffe0 JavaThread "main" [_thread_blocked, id=23620, stack(0x000000be6d100000,0x000000be6d200000)]
  0x000001d0fdb4b030 JavaThread "Reference Handler" daemon [_thread_blocked, id=21508, stack(0x000000be6d800000,0x000000be6d900000)]
  0x000001d0fdb4c460 JavaThread "Finalizer" daemon [_thread_blocked, id=9900, stack(0x000000be6d900000,0x000000be6da00000)]
  0x000001d0fdb835b0 JavaThread "Signal Dispatcher" daemon [_thread_blocked, id=26904, stack(0x000000be6da00000,0x000000be6db00000)]
  0x000001d0fdb83e70 JavaThread "Attach Listener" daemon [_thread_blocked, id=10792, stack(0x000000be6db00000,0x000000be6dc00000)]
  0x000001d0fdb852a0 JavaThread "Service Thread" daemon [_thread_blocked, id=20316, stack(0x000000be6dc00000,0x000000be6dd00000)]
  0x000001d0fdb7bd80 JavaThread "Monitor Deflation Thread" daemon [_thread_blocked, id=24572, stack(0x000000be6dd00000,0x000000be6de00000)]
  0x000001d0fdb89b80 JavaThread "C2 CompilerThread0" daemon [_thread_blocked, id=8640, stack(0x000000be6de00000,0x000000be6df00000)]
  0x000001d0fdb8e4f0 JavaThread "C1 CompilerThread0" daemon [_thread_blocked, id=19720, stack(0x000000be6df00000,0x000000be6e000000)]
  0x000001d0fdb97970 JavaThread "Sweeper thread" daemon [_thread_blocked, id=21380, stack(0x000000be6e000000,0x000000be6e100000)]
  0x000001d0fdcd3fd0 JavaThread "Common-Cleaner" daemon [_thread_blocked, id=7548, stack(0x000000be6e100000,0x000000be6e200000)]
  0x000001d0fddd6f20 JavaThread "Notification Thread" daemon [_thread_blocked, id=26644, stack(0x000000be6e200000,0x000000be6e300000)]
  0x000001d0ff25b540 JavaThread "Daemon health stats" [_thread_blocked, id=15596, stack(0x000000be6ea00000,0x000000be6eb00000)]
  0x000001d0840514a0 JavaThread "Incoming local TCP Connector on port 61738" [_thread_in_native, id=7228, stack(0x000000be6e500000,0x000000be6e600000)]
  0x000001d0847feb70 JavaThread "Daemon periodic checks" [_thread_blocked, id=27084, stack(0x000000be6e900000,0x000000be6ea00000)]
  0x000001d0fe3bab90 JavaThread "Daemon" [_thread_blocked, id=19120, stack(0x000000be6ed00000,0x000000be6ee00000)]
  0x000001d08500f650 JavaThread "Handler for socket connection from /127.0.0.1:61738 to /127.0.0.1:61739" [_thread_in_native, id=25036, stack(0x000000be6ee00000,0x000000be6ef00000)]
  0x000001d0fec8b940 JavaThread "Cancel handler" [_thread_blocked, id=2104, stack(0x000000be6ef00000,0x000000be6f000000)]
  0x000001d0fec8c2e0 JavaThread "Daemon worker" [_thread_blocked, id=19372, stack(0x000000be6f000000,0x000000be6f100000)]
  0x000001d0fec8be10 JavaThread "Asynchronous log dispatcher for DefaultDaemonConnection: socket connection from /127.0.0.1:61738 to /127.0.0.1:61739" [_thread_blocked, id=9112, stack(0x000000be6f100000,0x000000be6f200000)]
  0x000001d0fec8c7b0 JavaThread "Stdin handler" [_thread_blocked, id=1536, stack(0x000000be6f200000,0x000000be6f300000)]
  0x000001d0fec892c0 JavaThread "Daemon client event forwarder" [_thread_blocked, id=18212, stack(0x000000be6f300000,0x000000be6f400000)]
  0x000001d0fec8a600 JavaThread "Cache worker for journal cache (C:\Users\Praveen Chandra\.gradle\caches\journal-1)" [_thread_blocked, id=13460, stack(0x000000be6f900000,0x000000be6fa00000)]
  0x000001d0fec89790 JavaThread "File lock request listener" [_thread_in_native, id=6588, stack(0x000000be6fa00000,0x000000be6fb00000)]
  0x000001d0fec89c60 JavaThread "Cache worker for file hash cache (C:\Users\Praveen Chandra\.gradle\caches\8.3\fileHashes)" [_thread_blocked, id=15076, stack(0x000000be6fc00000,0x000000be6fd00000)]
  0x000001d0fec8afa0 JavaThread "File watcher server" daemon [_thread_in_native, id=20284, stack(0x000000be6fe00000,0x000000be6ff00000)]
  0x000001d0fec8a130 JavaThread "File watcher consumer" daemon [_thread_blocked, id=19064, stack(0x000000be6ff00000,0x000000be70000000)]
  0x000001d0fec8b470 JavaThread "Cache worker for checksums cache (D:\Flutter\employee-manager\android\.gradle\8.3\checksums)" [_thread_blocked, id=18520, stack(0x000000be6fd00000,0x000000be6fe00000)]
  0x000001d086f7ffd0 JavaThread "Cache worker for file hash cache (D:\Flutter\employee-manager\android\.gradle\8.3\fileHashes)" [_thread_blocked, id=22140, stack(0x000000be70000000,0x000000be70100000)]
  0x000001d086f81310 JavaThread "Cache worker for cache directory md-supplier (C:\Users\Praveen Chandra\.gradle\caches\8.3\md-supplier)" [_thread_blocked, id=11240, stack(0x000000be70100000,0x000000be70200000)]
  0x000001d086f82b20 JavaThread "Cache worker for file content cache (C:\Users\Praveen Chandra\.gradle\caches\8.3\fileContent)" [_thread_blocked, id=12608, stack(0x000000be70200000,0x000000be70300000)]
  0x000001d086f817e0 JavaThread "Cache worker for cache directory md-rule (C:\Users\Praveen Chandra\.gradle\caches\8.3\md-rule)" [_thread_blocked, id=27296, stack(0x000000be6fb00000,0x000000be6fc00000)]
  0x000001d086f834c0 JavaThread "Cache worker for execution history cache (C:\Users\Praveen Chandra\.gradle\caches\8.3\executionHistory)" [_thread_blocked, id=25876, stack(0x000000be70300000,0x000000be70400000)]
  0x000001d086f81cb0 JavaThread "jar transforms" [_thread_blocked, id=27376, stack(0x000000be70600000,0x000000be70700000)]
  0x000001d086f83990 JavaThread "Cache worker for kotlin-dsl (C:\Users\Praveen Chandra\.gradle\caches\8.3\kotlin-dsl)" [_thread_blocked, id=6360, stack(0x000000be70700000,0x000000be70800000)]
  0x000001d086f82180 JavaThread "jar transforms Thread 2" [_thread_blocked, id=11460, stack(0x000000be70800000,0x000000be70900000)]
  0x000001d086f82650 JavaThread "jar transforms Thread 3" [_thread_blocked, id=23896, stack(0x000000be70900000,0x000000be70a00000)]
  0x000001d086f804a0 JavaThread "Cache worker for dependencies-accessors (D:\Flutter\employee-manager\android\.gradle\8.3\dependencies-accessors)" [_thread_blocked, id=7104, stack(0x000000be70500000,0x000000be70600000)]
  0x000001d086f80970 JavaThread "Cache worker for Build Output Cleanup Cache (D:\src\flutter\packages\flutter_tools\gradle\.gradle\buildOutputCleanup)" [_thread_blocked, id=25184, stack(0x000000be70a00000,0x000000be70b00000)]
  0x000001d086f87820 JavaThread "jar transforms Thread 4" [_thread_blocked, id=24900, stack(0x000000be70c00000,0x000000be70d00000)]
  0x000001d086f864e0 JavaThread "jar transforms Thread 5" [_thread_blocked, id=23832, stack(0x000000be70d00000,0x000000be70e00000)]
  0x000001d086f84330 JavaThread "Memory manager" [_thread_blocked, id=3932, stack(0x000000be70e00000,0x000000be70f00000)]
  0x000001d086f84800 JavaThread "jar transforms Thread 6" [_thread_blocked, id=24864, stack(0x000000be70400000,0x000000be70500000)]
  0x000001d086f85b40 JavaThread "jar transforms Thread 7" [_thread_blocked, id=2716, stack(0x000000be70b00000,0x000000be70c00000)]
  0x000001d086f84cd0 JavaThread "included builds" [_thread_blocked, id=22200, stack(0x000000be71100000,0x000000be71200000)]
  0x000001d086f869b0 JavaThread "Execution worker" [_thread_blocked, id=24196, stack(0x000000be71200000,0x000000be71300000)]
  0x000001d086f86e80 JavaThread "Execution worker Thread 2" [_thread_blocked, id=13860, stack(0x000000be71300000,0x000000be71400000)]
  0x000001d086f87350 JavaThread "Execution worker Thread 3" [_thread_blocked, id=19544, stack(0x000000be71400000,0x000000be71500000)]
  0x000001d0fe655800 JavaThread "Execution worker Thread 4" [_thread_blocked, id=21740, stack(0x000000be71500000,0x000000be71600000)]
  0x000001d0fe655cd0 JavaThread "Execution worker Thread 5" [_thread_blocked, id=14724, stack(0x000000be71600000,0x000000be71700000)]
  0x000001d0fe653ff0 JavaThread "Execution worker Thread 6" [_thread_blocked, id=21020, stack(0x000000be71700000,0x000000be71800000)]
  0x000001d0fe6561a0 JavaThread "Execution worker Thread 7" [_thread_blocked, id=18332, stack(0x000000be71800000,0x000000be71900000)]
  0x000001d0fe655330 JavaThread "Execution worker Thread 8" [_thread_blocked, id=15240, stack(0x000000be71900000,0x000000be71a00000)]
  0x000001d0fe657010 JavaThread "Execution worker Thread 9" [_thread_blocked, id=8964, stack(0x000000be71a00000,0x000000be71b00000)]
  0x000001d0fe6574e0 JavaThread "Execution worker Thread 10" [_thread_blocked, id=14920, stack(0x000000be71b00000,0x000000be71c00000)]
  0x000001d0fe654990 JavaThread "Execution worker Thread 11" [_thread_blocked, id=21224, stack(0x000000be71c00000,0x000000be71d00000)]
  0x000001d0fe653b20 JavaThread "Cache worker for execution history cache (D:\src\flutter\packages\flutter_tools\gradle\.gradle\8.3\executionHistory)" [_thread_blocked, id=6244, stack(0x000000be71d00000,0x000000be71e00000)]
  0x000001d0fe656670 JavaThread "Unconstrained build operations" [_thread_blocked, id=9760, stack(0x000000be71e00000,0x000000be71f00000)]
  0x000001d0fe656b40 JavaThread "Unconstrained build operations Thread 2" [_thread_blocked, id=23504, stack(0x000000be71f00000,0x000000be72000000)]
  0x000001d0fe654e60 JavaThread "Unconstrained build operations Thread 3" [_thread_blocked, id=24580, stack(0x000000be72000000,0x000000be72100000)]
  0x000001d0fe6579b0 JavaThread "Unconstrained build operations Thread 4" [_thread_blocked, id=20536, stack(0x000000be72100000,0x000000be72200000)]
  0x000001d0fe657e80 JavaThread "Unconstrained build operations Thread 5" [_thread_blocked, id=26988, stack(0x000000be72200000,0x000000be72300000)]
  0x000001d0fe6544c0 JavaThread "Unconstrained build operations Thread 6" [_thread_blocked, id=7040, stack(0x000000be72300000,0x000000be72400000)]
  0x000001d0fe658cf0 JavaThread "Unconstrained build operations Thread 7" [_thread_blocked, id=17136, stack(0x000000be72400000,0x000000be72500000)]
  0x000001d0fe6591c0 JavaThread "Unconstrained build operations Thread 8" [_thread_blocked, id=1164, stack(0x000000be72500000,0x000000be72600000)]
  0x000001d0fe65aea0 JavaThread "Unconstrained build operations Thread 9" [_thread_blocked, id=24016, stack(0x000000be72600000,0x000000be72700000)]
  0x000001d0fe658350 JavaThread "Unconstrained build operations Thread 10" [_thread_blocked, id=20964, stack(0x000000be72700000,0x000000be72800000)]
  0x000001d0fe659b60 JavaThread "Incoming local TCP Connector on port 61756" [_thread_blocked, id=9568, stack(0x000000be72800000,0x000000be72900000)]
  0x000001d0fe658820 JavaThread "Exec process" [_thread_in_native, id=2044, stack(0x000000be72900000,0x000000be72a00000)]
  0x000001d0fe65a030 JavaThread "Exec process Thread 2" [_thread_blocked, id=26360, stack(0x000000be72b00000,0x000000be72c00000)]
  0x000001d0fe65a500 JavaThread "Exec process Thread 3" [_thread_in_native, id=27044, stack(0x000000be72c00000,0x000000be72d00000)]
  0x000001d0fe65a9d0 JavaThread "Exec process Thread 4" [_thread_in_native, id=1844, stack(0x000000be72d00000,0x000000be72e00000)]
  0x000001d0fe659690 JavaThread "/127.0.0.1:61756 to /127.0.0.1:61758 workers" [_thread_blocked, id=25980, stack(0x000000be70f00000,0x000000be71000000)]
  0x000001d0fe65b370 JavaThread "/127.0.0.1:61756 to /127.0.0.1:61758 workers Thread 2" [_thread_blocked, id=16364, stack(0x000000be71000000,0x000000be71100000)]
  0x000001d084f0ca30 JavaThread "/127.0.0.1:61756 to /127.0.0.1:61758 workers Thread 3" [_thread_blocked, id=7452, stack(0x000000be72a00000,0x000000be72b00000)]
  0x000001d084f0dd70 JavaThread "/127.0.0.1:61756 to /127.0.0.1:61758 workers Thread 4" [_thread_blocked, id=27052, stack(0x000000be72e00000,0x000000be72f00000)]
  0x000001d084f0e240 JavaThread "/127.0.0.1:61756 to /127.0.0.1:61758 workers Thread 5" [_thread_in_native, id=25408, stack(0x000000be72f00000,0x000000be73000000)]
  0x000001d084f0a880 JavaThread "Unconstrained build operations Thread 11" [_thread_blocked, id=20932, stack(0x000000be73200000,0x000000be73300000)]
  0x000001d084f0c090 JavaThread "Unconstrained build operations Thread 12" [_thread_blocked, id=23164, stack(0x000000be73300000,0x000000be73400000)]
  0x000001d084f0b220 JavaThread "Unconstrained build operations Thread 13" [_thread_blocked, id=19516, stack(0x000000be73400000,0x000000be73500000)]
  0x000001d084f0c560 JavaThread "Unconstrained build operations Thread 14" [_thread_blocked, id=4308, stack(0x000000be73500000,0x000000be73600000)]
  0x000001d084f0cf00 JavaThread "Unconstrained build operations Thread 15" [_thread_blocked, id=7156, stack(0x000000be73600000,0x000000be73700000)]
  0x000001d084f0b6f0 JavaThread "Unconstrained build operations Thread 16" [_thread_blocked, id=12196, stack(0x000000be73700000,0x000000be73800000)]
  0x000001d084f0ad50 JavaThread "Unconstrained build operations Thread 17" [_thread_blocked, id=1048, stack(0x000000be73800000,0x000000be73900000)]
  0x000001d084f0d8a0 JavaThread "Unconstrained build operations Thread 18" [_thread_blocked, id=7916, stack(0x000000be73900000,0x000000be73a00000)]
  0x000001d084f0ebe0 JavaThread "Unconstrained build operations Thread 19" [_thread_blocked, id=1352, stack(0x000000be73a00000,0x000000be73b00000)]
  0x000001d084f0e710 JavaThread "Unconstrained build operations Thread 20" [_thread_blocked, id=26748, stack(0x000000be73b00000,0x000000be73c00000)]
  0x000001d084f0f0b0 JavaThread "Unconstrained build operations Thread 21" [_thread_blocked, id=23724, stack(0x000000be73c00000,0x000000be73d00000)]
  0x000001d084f0f580 JavaThread "jar transforms Thread 8" [_thread_blocked, id=27060, stack(0x000000be73d00000,0x000000be73e00000)]
  0x000001d084f0bbc0 JavaThread "jar transforms Thread 9" [_thread_blocked, id=5936, stack(0x000000be73e00000,0x000000be73f00000)]
  0x000001d084f0fa50 JavaThread "jar transforms Thread 10" [_thread_blocked, id=8372, stack(0x000000be73f00000,0x000000be74000000)]
  0x000001d084f11c00 JavaThread "jar transforms Thread 11" [_thread_blocked, id=25728, stack(0x000000be74000000,0x000000be74100000)]
  0x000001d084f0ff20 JavaThread "jar transforms Thread 12" [_thread_blocked, id=12072, stack(0x000000be74100000,0x000000be74200000)]
  0x000001d0fedb79a0 JavaThread "C2 CompilerThread1" daemon [_thread_blocked, id=18000, stack(0x000000be74200000,0x000000be74300000)]
  0x000001d0fedb9800 JavaThread "C2 CompilerThread2" daemon [_thread_blocked, id=4324, stack(0x000000be74300000,0x000000be74400000)]

Other Threads:
=>0x000001d0fdb24610 VMThread "VM Thread" [stack: 0x000000be6d700000,0x000000be6d800000] [id=23996]
  0x000001d0de3bdf30 WatcherThread [stack: 0x000000be6e300000,0x000000be6e400000] [id=21044]
  0x000001d0de3a2af0 GCTaskThread "GC Thread#0" [stack: 0x000000be6d200000,0x000000be6d300000] [id=3704]
  0x000001d0feacca60 GCTaskThread "GC Thread#1" [stack: 0x000000be6e600000,0x000000be6e700000] [id=24696]
  0x000001d0feaccd10 GCTaskThread "GC Thread#2" [stack: 0x000000be6e700000,0x000000be6e800000] [id=11380]
  0x000001d0feb3d6d0 GCTaskThread "GC Thread#3" [stack: 0x000000be6e800000,0x000000be6e900000] [id=3240]
  0x000001d0fec5e0a0 GCTaskThread "GC Thread#4" [stack: 0x000000be6e400000,0x000000be6e500000] [id=18620]
  0x000001d0fe3be060 GCTaskThread "GC Thread#5" [stack: 0x000000be6eb00000,0x000000be6ec00000] [id=26376]
  0x000001d0841ddde0 GCTaskThread "GC Thread#6" [stack: 0x000000be6ec00000,0x000000be6ed00000] [id=20712]
  0x000001d084d12130 GCTaskThread "GC Thread#7" [stack: 0x000000be6f400000,0x000000be6f500000] [id=22868]
  0x000001d084c7fa80 GCTaskThread "GC Thread#8" [stack: 0x000000be6f500000,0x000000be6f600000] [id=23764]
  0x000001d084555020 GCTaskThread "GC Thread#9" [stack: 0x000000be6f600000,0x000000be6f700000] [id=24124]
  0x000001d0de3b4610 ConcurrentGCThread "G1 Main Marker" [stack: 0x000000be6d300000,0x000000be6d400000] [id=24640]
  0x000001d0de3b56d0 ConcurrentGCThread "G1 Conc#0" [stack: 0x000000be6d400000,0x000000be6d500000] [id=25496]
  0x000001d084c12b80 ConcurrentGCThread "G1 Conc#1" [stack: 0x000000be6f700000,0x000000be6f800000] [id=24812]
  0x000001d0ff6e2680 ConcurrentGCThread "G1 Conc#2" [stack: 0x000000be6f800000,0x000000be6f900000] [id=5876]
  0x000001d0de3ee810 ConcurrentGCThread "G1 Refine#0" [stack: 0x000000be6d500000,0x000000be6d600000] [id=25680]
  0x000001d0fd8403c0 ConcurrentGCThread "G1 Service" [stack: 0x000000be6d600000,0x000000be6d700000] [id=6544]

Threads with active compile tasks:
C2 CompilerThread0    60860 7671       4       java.lang.invoke.MethodType::makeImpl (109 bytes)
C1 CompilerThread0    60860 8072   !   2       org.gradle.internal.classpath.InstrumentingClasspathFileTransformer::lambda$visitEntries$1 (244 bytes)
C2 CompilerThread1    60860 7817       4       org.objectweb.asm.ClassReader::readCode (5117 bytes)
C2 CompilerThread2    60861 7757       4       org.objectweb.asm.ClassVisitor::visitMethod (24 bytes)

VM state: at safepoint (normal execution)

VM Mutex/Monitor currently owned by a thread:  ([mutex/lock_event])
[0x000001d0dc9cfad0] Threads_lock - owner thread: 0x000001d0fdb24610
[0x000001d0de32e500] Heap_lock - owner thread: 0x000001d086f87820

Heap address: 0x0000000700000000, size: 4096 MB, Compressed Oops mode: Zero based, Oop shift amount: 3

CDS archive(s) not mapped
Compressed class space mapped at: 0x0000000800000000-0x0000000840000000, reserved size: 1073741824
Narrow klass base: 0x0000000800000000, Narrow klass shift: 0, Narrow klass range: 0x40000000

GC Precious Log:
 CPUs: 12 total, 12 available
 Memory: 8013M
 Large Page Support: Disabled
 NUMA Support: Disabled
 Compressed Oops: Enabled (Zero based)
 Heap Region Size: 2M
 Heap Min Capacity: 8M
 Heap Initial Capacity: 126M
 Heap Max Capacity: 4G
 Pre-touch: Disabled
 Parallel Workers: 10
 Concurrent Workers: 3
 Concurrent Refinement Workers: 10
 Periodic GC: Disabled

Heap:
 garbage-first heap   total 129024K, used 50347K [0x0000000700000000, 0x0000000800000000)
  region size 2048K, 1 young (2048K), 1 survivors (2048K)
 Metaspace       used 70721K, committed 71232K, reserved 1114112K
  class space    used 9857K, committed 10112K, reserved 1048576K

Heap Regions: E=young(eden), S=young(survivor), O=old, HS=humongous(starts), HC=humongous(continues), CS=collection set, F=free, OA=open archive, CA=closed archive, TAMS=top-at-mark-start (previous, next)
|   0|0x0000000700000000, 0x0000000700200000, 0x0000000700200000|100%|HS|  |TAMS 0x0000000700200000, 0x0000000700000000| Complete 
|   1|0x0000000700200000, 0x0000000700400000, 0x0000000700400000|100%|HC|  |TAMS 0x0000000700400000, 0x0000000700200000| Complete 
|   2|0x0000000700400000, 0x0000000700600000, 0x0000000700600000|100%| O|  |TAMS 0x0000000700600000, 0x0000000700400000| Untracked 
|   3|0x0000000700600000, 0x0000000700800000, 0x0000000700800000|100%| O|  |TAMS 0x0000000700800000, 0x0000000700600000| Untracked 
|   4|0x0000000700800000, 0x00000007009f2600, 0x0000000700a00000| 97%| O|  |TAMS 0x00000007009f2600, 0x0000000700800000| Untracked 
|   5|0x0000000700a00000, 0x0000000700c00000, 0x0000000700c00000|100%| O|  |TAMS 0x0000000700c00000, 0x0000000700a00000| Untracked 
|   6|0x0000000700c00000, 0x0000000700e00000, 0x0000000700e00000|100%| O|  |TAMS 0x0000000700e00000, 0x0000000700c00000| Untracked 
|   7|0x0000000700e00000, 0x0000000701000000, 0x0000000701000000|100%| O|  |TAMS 0x0000000701000000, 0x0000000700e00000| Untracked 
|   8|0x0000000701000000, 0x0000000701200000, 0x0000000701200000|100%| O|  |TAMS 0x0000000701200000, 0x0000000701000000| Untracked 
|   9|0x0000000701200000, 0x0000000701400000, 0x0000000701400000|100%| O|  |TAMS 0x0000000701400000, 0x0000000701200000| Untracked 
|  10|0x0000000701400000, 0x0000000701600000, 0x0000000701600000|100%| O|  |TAMS 0x0000000701600000, 0x0000000701400000| Untracked 
|  11|0x0000000701600000, 0x0000000701800000, 0x0000000701800000|100%| O|  |TAMS 0x0000000701800000, 0x0000000701600000| Untracked 
|  12|0x0000000701800000, 0x0000000701a00000, 0x0000000701a00000|100%| O|  |TAMS 0x0000000701a00000, 0x0000000701800000| Untracked 
|  13|0x0000000701a00000, 0x0000000701c00000, 0x0000000701c00000|100%| O|  |TAMS 0x0000000701c00000, 0x0000000701a00000| Untracked 
|  14|0x0000000701c00000, 0x0000000701e00000, 0x0000000701e00000|100%| O|  |TAMS 0x0000000701e00000, 0x0000000701c00000| Untracked 
|  15|0x0000000701e00000, 0x0000000702000000, 0x0000000702000000|100%| O|  |TAMS 0x0000000702000000, 0x0000000701e00000| Untracked 
|  16|0x0000000702000000, 0x0000000702200000, 0x0000000702200000|100%| O|  |TAMS 0x0000000702200000, 0x0000000702000000| Untracked 
|  17|0x0000000702200000, 0x0000000702400000, 0x0000000702400000|100%| O|  |TAMS 0x0000000702400000, 0x0000000702200000| Untracked 
|  18|0x0000000702400000, 0x0000000702600000, 0x0000000702600000|100%| O|  |TAMS 0x0000000702600000, 0x0000000702400000| Untracked 
|  19|0x0000000702600000, 0x0000000702800000, 0x0000000702800000|100%| O|  |TAMS 0x0000000702800000, 0x0000000702600000| Untracked 
|  20|0x0000000702800000, 0x0000000702a00000, 0x0000000702a00000|100%| O|  |TAMS 0x0000000702a00000, 0x0000000702800000| Untracked 
|  21|0x0000000702a00000, 0x0000000702a00000, 0x0000000702c00000|  0%| F|  |TAMS 0x0000000702a00000, 0x0000000702a00000| Untracked 
|  22|0x0000000702c00000, 0x0000000702e00000, 0x0000000702e00000|100%|HS|  |TAMS 0x0000000702e00000, 0x0000000702c00000| Complete 
|  23|0x0000000702e00000, 0x0000000703000000, 0x0000000703000000|100%| O|  |TAMS 0x0000000702e59600, 0x0000000702e00000| Untracked 
|  24|0x0000000703000000, 0x0000000703200000, 0x0000000703200000|100%| O|  |TAMS 0x0000000703000000, 0x0000000703000000| Untracked 
|  25|0x0000000703200000, 0x00000007032e5200, 0x0000000703400000| 44%| O|  |TAMS 0x0000000703200000, 0x0000000703200000| Untracked 
|  26|0x0000000703400000, 0x0000000703400000, 0x0000000703600000|  0%| F|  |TAMS 0x0000000703400000, 0x0000000703400000| Untracked 
|  27|0x0000000703600000, 0x0000000703600000, 0x0000000703800000|  0%| F|  |TAMS 0x0000000703600000, 0x0000000703600000| Untracked 
|  28|0x0000000703800000, 0x0000000703800000, 0x0000000703a00000|  0%| F|  |TAMS 0x0000000703800000, 0x0000000703800000| Untracked 
|  29|0x0000000703a00000, 0x0000000703a00000, 0x0000000703c00000|  0%| F|  |TAMS 0x0000000703a00000, 0x0000000703a00000| Untracked 
|  30|0x0000000703c00000, 0x0000000703c00000, 0x0000000703e00000|  0%| F|  |TAMS 0x0000000703c00000, 0x0000000703c00000| Untracked 
|  31|0x0000000703e00000, 0x0000000703e00000, 0x0000000704000000|  0%| F|  |TAMS 0x0000000703e00000, 0x0000000703e00000| Untracked 
|  32|0x0000000704000000, 0x0000000704000000, 0x0000000704200000|  0%| F|  |TAMS 0x0000000704000000, 0x0000000704000000| Untracked 
|  33|0x0000000704200000, 0x0000000704200000, 0x0000000704400000|  0%| F|  |TAMS 0x0000000704200000, 0x0000000704200000| Untracked 
|  34|0x0000000704400000, 0x0000000704400000, 0x0000000704600000|  0%| F|  |TAMS 0x0000000704400000, 0x0000000704400000| Untracked 
|  35|0x0000000704600000, 0x0000000704600000, 0x0000000704800000|  0%| F|  |TAMS 0x0000000704600000, 0x0000000704600000| Untracked 
|  36|0x0000000704800000, 0x0000000704800000, 0x0000000704a00000|  0%| F|  |TAMS 0x0000000704800000, 0x0000000704800000| Untracked 
|  37|0x0000000704a00000, 0x0000000704a00000, 0x0000000704c00000|  0%| F|  |TAMS 0x0000000704a00000, 0x0000000704a00000| Untracked 
|  38|0x0000000704c00000, 0x0000000704c00000, 0x0000000704e00000|  0%| F|  |TAMS 0x0000000704c00000, 0x0000000704c00000| Untracked 
|  39|0x0000000704e00000, 0x0000000704e00000, 0x0000000705000000|  0%| F|  |TAMS 0x0000000704e00000, 0x0000000704e00000| Untracked 
|  40|0x0000000705000000, 0x0000000705000000, 0x0000000705200000|  0%| F|  |TAMS 0x0000000705000000, 0x0000000705000000| Untracked 
|  41|0x0000000705200000, 0x0000000705200000, 0x0000000705400000|  0%| F|  |TAMS 0x0000000705200000, 0x0000000705200000| Untracked 
|  42|0x0000000705400000, 0x0000000705400000, 0x0000000705600000|  0%| F|  |TAMS 0x0000000705400000, 0x0000000705400000| Untracked 
|  43|0x0000000705600000, 0x0000000705600000, 0x0000000705800000|  0%| F|  |TAMS 0x0000000705600000, 0x0000000705600000| Untracked 
|  44|0x0000000705800000, 0x0000000705800000, 0x0000000705a00000|  0%| F|  |TAMS 0x0000000705800000, 0x0000000705800000| Untracked 
|  45|0x0000000705a00000, 0x0000000705a00000, 0x0000000705c00000|  0%| F|  |TAMS 0x0000000705a00000, 0x0000000705a00000| Untracked 
|  46|0x0000000705c00000, 0x0000000705c00000, 0x0000000705e00000|  0%| F|  |TAMS 0x0000000705c00000, 0x0000000705c00000| Untracked 
|  47|0x0000000705e00000, 0x0000000705e00000, 0x0000000706000000|  0%| F|  |TAMS 0x0000000705e00000, 0x0000000705e00000| Untracked 
|  48|0x0000000706000000, 0x0000000706000000, 0x0000000706200000|  0%| F|  |TAMS 0x0000000706000000, 0x0000000706000000| Untracked 
|  49|0x0000000706200000, 0x0000000706200000, 0x0000000706400000|  0%| F|  |TAMS 0x0000000706200000, 0x0000000706200000| Untracked 
|  50|0x0000000706400000, 0x0000000706400000, 0x0000000706600000|  0%| F|  |TAMS 0x0000000706400000, 0x0000000706400000| Untracked 
|  51|0x0000000706600000, 0x0000000706600000, 0x0000000706800000|  0%| F|  |TAMS 0x0000000706600000, 0x0000000706600000| Untracked 
|  52|0x0000000706800000, 0x0000000706800000, 0x0000000706a00000|  0%| F|  |TAMS 0x0000000706800000, 0x0000000706800000| Untracked 
|  53|0x0000000706a00000, 0x0000000706a53550, 0x0000000706c00000| 16%| S|CS|TAMS 0x0000000706a00000, 0x0000000706a00000| Complete 
|  54|0x0000000706c00000, 0x0000000706c00000, 0x0000000706e00000|  0%| F|  |TAMS 0x0000000706c00000, 0x0000000706c00000| Untracked 
|  55|0x0000000706e00000, 0x0000000706e00000, 0x0000000707000000|  0%| F|  |TAMS 0x0000000706e00000, 0x0000000706e00000| Untracked 
|  56|0x0000000707000000, 0x0000000707000000, 0x0000000707200000|  0%| F|  |TAMS 0x0000000707000000, 0x0000000707000000| Untracked 
|  57|0x0000000707200000, 0x0000000707200000, 0x0000000707400000|  0%| F|  |TAMS 0x0000000707200000, 0x0000000707200000| Untracked 
|  58|0x0000000707400000, 0x0000000707400000, 0x0000000707600000|  0%| F|  |TAMS 0x0000000707400000, 0x0000000707400000| Untracked 
|  59|0x0000000707600000, 0x0000000707600000, 0x0000000707800000|  0%| F|  |TAMS 0x0000000707600000, 0x0000000707600000| Untracked 
|  60|0x0000000707800000, 0x0000000707800000, 0x0000000707a00000|  0%| F|  |TAMS 0x0000000707800000, 0x0000000707800000| Untracked 
|  61|0x0000000707a00000, 0x0000000707a00000, 0x0000000707c00000|  0%| F|  |TAMS 0x0000000707a00000, 0x0000000707a00000| Untracked 
|  62|0x0000000707c00000, 0x0000000707c00000, 0x0000000707e00000|  0%| F|  |TAMS 0x0000000707c00000, 0x0000000707c00000| Untracked 

Card table byte_map: [0x000001d0f1d30000,0x000001d0f2530000] _byte_map_base: 0x000001d0ee530000

Marking Bits (Prev, Next): (CMBitMap*) 0x000001d0de3a3050, (CMBitMap*) 0x000001d0de3a3010
 Prev Bits: [0x000001d0f6d30000, 0x000001d0fad30000)
 Next Bits: [0x000001d0f2d30000, 0x000001d0f6d30000)

Polling page: 0x000001d0dcac0000

Metaspace:

Usage:
  Non-class:     59.44 MB used.
      Class:      9.63 MB used.
       Both:     69.06 MB used.

Virtual space:
  Non-class space:       64.00 MB reserved,      59.69 MB ( 93%) committed,  1 nodes.
      Class space:        1.00 GB reserved,       9.88 MB ( <1%) committed,  1 nodes.
             Both:        1.06 GB reserved,      69.56 MB (  6%) committed. 

Chunk freelists:
   Non-Class:  3.81 MB
       Class:  6.02 MB
        Both:  9.83 MB

MaxMetaspaceSize: 2.00 GB
CompressedClassSpaceSize: 1.00 GB
Initial GC threshold: 21.00 MB
Current GC threshold: 115.88 MB
CDS: off
MetaspaceReclaimPolicy: balanced
 - commit_granule_bytes: 65536.
 - commit_granule_words: 8192.
 - virtual_space_node_default_size: 8388608.
 - enlarge_chunks_in_place: 1.
 - new_chunks_are_fully_committed: 0.
 - uncommit_free_chunks: 1.
 - use_allocation_guard: 0.
 - handle_deallocations: 1.


Internal statistics:

num_allocs_failed_limit: 9.
num_arena_births: 782.
num_arena_deaths: 0.
num_vsnodes_births: 2.
num_vsnodes_deaths: 0.
num_space_committed: 1113.
num_space_uncommitted: 0.
num_chunks_returned_to_freelist: 9.
num_chunks_taken_from_freelist: 3292.
num_chunk_merges: 6.
num_chunk_splits: 2144.
num_chunks_enlarged: 1435.
num_inconsistent_stats: 0.

CodeHeap 'non-profiled nmethods': size=120000Kb used=3977Kb max_used=3977Kb free=116022Kb
 bounds [0x000001d0e9380000, 0x000001d0e9770000, 0x000001d0f08b0000]
CodeHeap 'profiled nmethods': size=120000Kb used=14046Kb max_used=14046Kb free=105953Kb
 bounds [0x000001d0e18b0000, 0x000001d0e2670000, 0x000001d0e8de0000]
CodeHeap 'non-nmethods': size=5760Kb used=2359Kb max_used=2419Kb free=3400Kb
 bounds [0x000001d0e8de0000, 0x000001d0e9050000, 0x000001d0e9380000]
 total_blobs=8115 nmethods=7233 adapters=792
 compilation: enabled
              stopped_count=0, restarted_count=0
 full_count=0

Compilation events (20 events):
Event: 59.526 Thread 0x000001d0fdb8e4f0 nmethod 8057 0x000001d0e2660990 code [0x000001d0e2660b40, 0x000001d0e2660d38]
Event: 59.526 Thread 0x000001d0fdb8e4f0 8037       2       org.objectweb.asm.tree.MethodNode::visitMethodInsn (59 bytes)
Event: 59.527 Thread 0x000001d0fdb8e4f0 nmethod 8037 0x000001d0e2660e90 code [0x000001d0e2661060, 0x000001d0e26613d8]
Event: 59.527 Thread 0x000001d0fdb8e4f0 8038       2       org.objectweb.asm.tree.MethodInsnNode::<init> (28 bytes)
Event: 59.528 Thread 0x000001d0fdb8e4f0 nmethod 8038 0x000001d0e2661510 code [0x000001d0e26616a0, 0x000001d0e26618d8]
Event: 59.528 Thread 0x000001d0fdb8e4f0 8031       2       org.objectweb.asm.tree.MethodNode::visitInsn (16 bytes)
Event: 59.529 Thread 0x000001d0fdb8e4f0 nmethod 8031 0x000001d0e2661990 code [0x000001d0e2661b40, 0x000001d0e2661ce8]
Event: 59.529 Thread 0x000001d0fdb8e4f0 8032       2       org.objectweb.asm.tree.InsnNode::<init> (6 bytes)
Event: 59.530 Thread 0x000001d0fdb8e4f0 nmethod 8032 0x000001d0e2661e10 code [0x000001d0e2661fa0, 0x000001d0e26620b8]
Event: 59.530 Thread 0x000001d0fdb8e4f0 8033       2       org.gradle.internal.classpath.LambdaSerializationTransformer::visitEnd (28 bytes)
Event: 59.530 Thread 0x000001d0fdb8e4f0 nmethod 8033 0x000001d0e2662190 code [0x000001d0e2662340, 0x000001d0e26624e8]
Event: 59.531 Thread 0x000001d0fdb8e4f0 8065       2       org.apache.commons.compress.archivers.zip.ZipArchiveOutputStream::flushDeflater (23 bytes)
Event: 59.532 Thread 0x000001d0fdb8e4f0 nmethod 8065 0x000001d0e2662610 code [0x000001d0e26627c0, 0x000001d0e2662b68]
Event: 59.532 Thread 0x000001d0fdb8e4f0 8042       2       org.apache.commons.compress.archivers.zip.ZipArchiveOutputStream::isTooLargeForZip32 (28 bytes)
Event: 59.533 Thread 0x000001d0fdb8e4f0 nmethod 8042 0x000001d0e2662d90 code [0x000001d0e2662f20, 0x000001d0e2663078]
Event: 59.533 Thread 0x000001d0fdb8e4f0 8044       2       org.apache.commons.compress.archivers.zip.StreamCompressor::getCrc32 (8 bytes)
Event: 59.533 Thread 0x000001d0fdb8e4f0 nmethod 8044 0x000001d0e2663110 code [0x000001d0e26632a0, 0x000001d0e26633b8]
Event: 59.534 Thread 0x000001d0fdb8e4f0 8045       2       org.apache.commons.compress.archivers.zip.ZipArchiveOutputStream::handleSizesAndCrc (266 bytes)
Event: 59.543 Thread 0x000001d0fdb8e4f0 nmethod 8045 0x000001d0e2663490 code [0x000001d0e26637e0, 0x000001d0e26642e8]
Event: 59.543 Thread 0x000001d0fdb8e4f0 8072   !   2       org.gradle.internal.classpath.InstrumentingClasspathFileTransformer::lambda$visitEntries$1 (244 bytes)

GC Heap History (20 events):
Event: 25.389 GC heap after
{Heap after GC invocations=19 (full 0):
 garbage-first heap   total 75776K, used 36872K [0x0000000700000000, 0x0000000800000000)
  region size 2048K, 2 young (4096K), 2 survivors (4096K)
 Metaspace       used 62307K, committed 62784K, reserved 1114112K
  class space    used 8517K, committed 8704K, reserved 1048576K
}
Event: 26.502 GC heap before
{Heap before GC invocations=19 (full 0):
 garbage-first heap   total 75776K, used 61448K [0x0000000700000000, 0x0000000800000000)
  region size 2048K, 14 young (28672K), 2 survivors (4096K)
 Metaspace       used 64603K, committed 65152K, reserved 1114112K
  class space    used 8926K, committed 9216K, reserved 1048576K
}
Event: 26.513 GC heap after
{Heap after GC invocations=20 (full 0):
 garbage-first heap   total 75776K, used 38153K [0x0000000700000000, 0x0000000800000000)
  region size 2048K, 2 young (4096K), 2 survivors (4096K)
 Metaspace       used 64603K, committed 65152K, reserved 1114112K
  class space    used 8926K, committed 9216K, reserved 1048576K
}
Event: 28.148 GC heap before
{Heap before GC invocations=21 (full 0):
 garbage-first heap   total 75776K, used 62729K [0x0000000700000000, 0x0000000800000000)
  region size 2048K, 14 young (28672K), 2 survivors (4096K)
 Metaspace       used 67137K, committed 67712K, reserved 1114112K
  class space    used 9388K, committed 9664K, reserved 1048576K
}
Event: 28.162 GC heap after
{Heap after GC invocations=22 (full 0):
 garbage-first heap   total 75776K, used 40093K [0x0000000700000000, 0x0000000800000000)
  region size 2048K, 2 young (4096K), 2 survivors (4096K)
 Metaspace       used 67137K, committed 67712K, reserved 1114112K
  class space    used 9388K, committed 9664K, reserved 1048576K
}
Event: 55.094 GC heap before
{Heap before GC invocations=22 (full 0):
 garbage-first heap   total 75776K, used 62621K [0x0000000700000000, 0x0000000800000000)
  region size 2048K, 13 young (26624K), 2 survivors (4096K)
 Metaspace       used 69231K, committed 69824K, reserved 1114112K
  class space    used 9703K, committed 9984K, reserved 1048576K
}
Event: 55.107 GC heap after
{Heap after GC invocations=23 (full 0):
 garbage-first heap   total 75776K, used 41257K [0x0000000700000000, 0x0000000800000000)
  region size 2048K, 2 young (4096K), 2 survivors (4096K)
 Metaspace       used 69231K, committed 69824K, reserved 1114112K
  class space    used 9703K, committed 9984K, reserved 1048576K
}
Event: 56.787 GC heap before
{Heap before GC invocations=24 (full 0):
 garbage-first heap   total 75776K, used 61737K [0x0000000700000000, 0x0000000800000000)
  region size 2048K, 12 young (24576K), 2 survivors (4096K)
 Metaspace       used 69920K, committed 70464K, reserved 1114112K
  class space    used 9754K, committed 9984K, reserved 1048576K
}
Event: 56.800 GC heap after
{Heap after GC invocations=25 (full 0):
 garbage-first heap   total 75776K, used 43827K [0x0000000700000000, 0x0000000800000000)
  region size 2048K, 2 young (4096K), 2 survivors (4096K)
 Metaspace       used 69920K, committed 70464K, reserved 1114112K
  class space    used 9754K, committed 9984K, reserved 1048576K
}
Event: 58.511 GC heap before
{Heap before GC invocations=25 (full 0):
 garbage-first heap   total 75776K, used 47923K [0x0000000700000000, 0x0000000800000000)
  region size 2048K, 5 young (10240K), 2 survivors (4096K)
 Metaspace       used 70063K, committed 70656K, reserved 1114112K
  class space    used 9773K, committed 10048K, reserved 1048576K
}
Event: 58.522 GC heap after
{Heap after GC invocations=26 (full 0):
 garbage-first heap   total 75776K, used 45617K [0x0000000700000000, 0x0000000800000000)
  region size 2048K, 1 young (2048K), 1 survivors (2048K)
 Metaspace       used 70063K, committed 70656K, reserved 1114112K
  class space    used 9773K, committed 10048K, reserved 1048576K
}
Event: 58.804 GC heap before
{Heap before GC invocations=27 (full 0):
 garbage-first heap   total 92160K, used 59953K [0x0000000700000000, 0x0000000800000000)
  region size 2048K, 8 young (16384K), 1 survivors (2048K)
 Metaspace       used 70417K, committed 70976K, reserved 1114112K
  class space    used 9838K, committed 10112K, reserved 1048576K
}
Event: 58.813 GC heap after
{Heap after GC invocations=28 (full 0):
 garbage-first heap   total 92160K, used 49455K [0x0000000700000000, 0x0000000800000000)
  region size 2048K, 1 young (2048K), 1 survivors (2048K)
 Metaspace       used 70417K, committed 70976K, reserved 1114112K
  class space    used 9838K, committed 10112K, reserved 1048576K
}
Event: 59.032 GC heap before
{Heap before GC invocations=28 (full 0):
 garbage-first heap   total 92160K, used 65839K [0x0000000700000000, 0x0000000800000000)
  region size 2048K, 10 young (20480K), 1 survivors (2048K)
 Metaspace       used 70556K, committed 71104K, reserved 1114112K
  class space    used 9856K, committed 10112K, reserved 1048576K
}
Event: 59.037 GC heap after
{Heap after GC invocations=29 (full 0):
 garbage-first heap   total 92160K, used 49350K [0x0000000700000000, 0x0000000800000000)
  region size 2048K, 1 young (2048K), 1 survivors (2048K)
 Metaspace       used 70556K, committed 71104K, reserved 1114112K
  class space    used 9856K, committed 10112K, reserved 1048576K
}
Event: 59.279 GC heap before
{Heap before GC invocations=29 (full 0):
 garbage-first heap   total 112640K, used 67782K [0x0000000700000000, 0x0000000800000000)
  region size 2048K, 11 young (22528K), 1 survivors (2048K)
 Metaspace       used 70640K, committed 71168K, reserved 1114112K
  class space    used 9856K, committed 10112K, reserved 1048576K
}
Event: 59.289 GC heap after
{Heap after GC invocations=30 (full 0):
 garbage-first heap   total 112640K, used 50550K [0x0000000700000000, 0x0000000800000000)
  region size 2048K, 2 young (4096K), 2 survivors (4096K)
 Metaspace       used 70640K, committed 71168K, reserved 1114112K
  class space    used 9856K, committed 10112K, reserved 1048576K
}
Event: 59.536 GC heap before
{Heap before GC invocations=31 (full 0):
 garbage-first heap   total 112640K, used 81270K [0x0000000700000000, 0x0000000800000000)
  region size 2048K, 18 young (36864K), 2 survivors (4096K)
 Metaspace       used 70718K, committed 71232K, reserved 1114112K
  class space    used 9857K, committed 10112K, reserved 1048576K
}
Event: 59.540 GC heap after
{Heap after GC invocations=32 (full 0):
 garbage-first heap   total 112640K, used 50798K [0x0000000700000000, 0x0000000800000000)
  region size 2048K, 2 young (4096K), 2 survivors (4096K)
 Metaspace       used 70718K, committed 71232K, reserved 1114112K
  class space    used 9857K, committed 10112K, reserved 1048576K
}
Event: 59.553 GC heap before
{Heap before GC invocations=32 (full 0):
 garbage-first heap   total 112640K, used 52846K [0x0000000700000000, 0x0000000800000000)
  region size 2048K, 3 young (6144K), 2 survivors (4096K)
 Metaspace       used 70721K, committed 71232K, reserved 1114112K
  class space    used 9857K, committed 10112K, reserved 1048576K
}

Dll operation events (3 events):
Event: 0.044 Loaded shared library C:\Program Files\Android\Android Studio\jbr\bin\java.dll
Event: 0.585 Loaded shared library C:\Program Files\Android\Android Studio\jbr\bin\zip.dll
Event: 1.670 Loaded shared library C:\Program Files\Android\Android Studio\jbr\bin\verify.dll

Deoptimization events (20 events):
Event: 58.887 Thread 0x000001d086f82650 DEOPT PACKING pc=0x000001d0e973bf1c sp=0x000000be709fde60
Event: 58.887 Thread 0x000001d086f82650 DEOPT UNPACKING pc=0x000001d0e8e369a3 sp=0x000000be709fddf0 mode 2
Event: 58.887 Thread 0x000001d086f82650 Uncommon trap: trap_request=0xffffffc6 fr.pc=0x000001d0e973bf1c relative=0x00000000000003bc
Event: 58.887 Thread 0x000001d086f82650 Uncommon trap: reason=bimorphic_or_optimized_type_check action=maybe_recompile pc=0x000001d0e973bf1c method=java.util.ArrayList$ArrayListSpliterator.tryAdvance(Ljava/util/function/Consumer;)Z @ 48 c2
Event: 58.887 Thread 0x000001d086f82650 DEOPT PACKING pc=0x000001d0e973bf1c sp=0x000000be709fde60
Event: 58.887 Thread 0x000001d086f82650 DEOPT UNPACKING pc=0x000001d0e8e369a3 sp=0x000000be709fddf0 mode 2
Event: 58.887 Thread 0x000001d086f82650 Uncommon trap: trap_request=0xffffffc6 fr.pc=0x000001d0e973bf1c relative=0x00000000000003bc
Event: 58.887 Thread 0x000001d086f82650 Uncommon trap: reason=bimorphic_or_optimized_type_check action=maybe_recompile pc=0x000001d0e973bf1c method=java.util.ArrayList$ArrayListSpliterator.tryAdvance(Ljava/util/function/Consumer;)Z @ 48 c2
Event: 58.887 Thread 0x000001d086f82650 DEOPT PACKING pc=0x000001d0e973bf1c sp=0x000000be709fde60
Event: 58.888 Thread 0x000001d086f82650 DEOPT UNPACKING pc=0x000001d0e8e369a3 sp=0x000000be709fddf0 mode 2
Event: 58.888 Thread 0x000001d086f82650 Uncommon trap: trap_request=0xffffffc6 fr.pc=0x000001d0e973bf1c relative=0x00000000000003bc
Event: 58.888 Thread 0x000001d086f82650 Uncommon trap: reason=bimorphic_or_optimized_type_check action=maybe_recompile pc=0x000001d0e973bf1c method=java.util.ArrayList$ArrayListSpliterator.tryAdvance(Ljava/util/function/Consumer;)Z @ 48 c2
Event: 58.888 Thread 0x000001d086f82650 DEOPT PACKING pc=0x000001d0e973bf1c sp=0x000000be709fde60
Event: 58.888 Thread 0x000001d086f82650 DEOPT UNPACKING pc=0x000001d0e8e369a3 sp=0x000000be709fddf0 mode 2
Event: 59.311 Thread 0x000001d084f0bbc0 Uncommon trap: trap_request=0xffffffde fr.pc=0x000001d0e9744388 relative=0x0000000000000448
Event: 59.311 Thread 0x000001d084f0bbc0 Uncommon trap: reason=class_check action=maybe_recompile pc=0x000001d0e9744388 method=java.io.BufferedOutputStream.write([BII)V @ 20 c2
Event: 59.311 Thread 0x000001d084f0bbc0 DEOPT PACKING pc=0x000001d0e9744388 sp=0x000000be73efea20
Event: 59.311 Thread 0x000001d084f0bbc0 DEOPT UNPACKING pc=0x000001d0e8e369a3 sp=0x000000be73efe9b8 mode 2
Event: 59.455 Thread 0x000001d084f0bbc0 DEOPT PACKING pc=0x000001d0e2622da6 sp=0x000000be73efe400
Event: 59.455 Thread 0x000001d084f0bbc0 DEOPT UNPACKING pc=0x000001d0e8e37143 sp=0x000000be73efd918 mode 0

Classes unloaded (0 events):
No events

Classes redefined (0 events):
No events

Internal exceptions (20 events):
Event: 58.484 Thread 0x000001d086f85b40 Exception <a 'sun/nio/fs/WindowsException'{0x000000070473f0f8}> (0x000000070473f0f8) 
thrown [s\src\hotspot\share\prims\jni.cpp, line 517]
Event: 58.485 Thread 0x000001d086f87820 Exception <a 'sun/nio/fs/WindowsException'{0x000000070477f008}> (0x000000070477f008) 
thrown [s\src\hotspot\share\prims\jni.cpp, line 517]
Event: 58.487 Thread 0x000001d086f864e0 Exception <a 'sun/nio/fs/WindowsException'{0x000000070478b3a0}> (0x000000070478b3a0) 
thrown [s\src\hotspot\share\prims\jni.cpp, line 517]
Event: 58.492 Thread 0x000001d084f11c00 Exception <a 'sun/nio/fs/WindowsException'{0x00000007047a1240}> (0x00000007047a1240) 
thrown [s\src\hotspot\share\prims\jni.cpp, line 517]
Event: 58.493 Thread 0x000001d086f84800 Exception <a 'sun/nio/fs/WindowsException'{0x0000000704739bc0}> (0x0000000704739bc0) 
thrown [s\src\hotspot\share\prims\jni.cpp, line 517]
Event: 58.493 Thread 0x000001d084f0bbc0 Exception <a 'sun/nio/fs/WindowsException'{0x00000007047a3fe8}> (0x00000007047a3fe8) 
thrown [s\src\hotspot\share\prims\jni.cpp, line 517]
Event: 58.495 Thread 0x000001d084f0ff20 Exception <a 'sun/nio/fs/WindowsException'{0x0000000704795748}> (0x0000000704795748) 
thrown [s\src\hotspot\share\prims\jni.cpp, line 517]
Event: 58.610 Thread 0x000001d086f87820 Implicit null exception at 0x000001d0e94e1ac9 to 0x000001d0e94e1b9c
Event: 58.625 Thread 0x000001d086f81cb0 Exception <a 'sun/nio/fs/WindowsException'{0x00000007047ffa98}> (0x00000007047ffa98) 
thrown [s\src\hotspot\share\prims\jni.cpp, line 517]
Event: 58.668 Thread 0x000001d086f81cb0 Exception <a 'sun/nio/fs/WindowsException'{0x000000070445ac28}> (0x000000070445ac28) 
thrown [s\src\hotspot\share\prims\jni.cpp, line 517]
Event: 58.705 Thread 0x000001d086f81cb0 Exception <a 'sun/nio/fs/WindowsException'{0x000000070445fcb8}> (0x000000070445fcb8) 
thrown [s\src\hotspot\share\prims\jni.cpp, line 517]
Event: 58.766 Thread 0x000001d086f864e0 Exception <a 'sun/nio/fs/WindowsException'{0x00000007053b6c28}> (0x00000007053b6c28) 
thrown [s\src\hotspot\share\prims\jni.cpp, line 517]
Event: 58.770 Thread 0x000001d086f864e0 Exception <a 'sun/nio/fs/WindowsException'{0x00000007053b6e30}> (0x00000007053b6e30) 
thrown [s\src\hotspot\share\prims\jni.cpp, line 517]
Event: 58.801 Thread 0x000001d086f864e0 Exception <a 'sun/nio/fs/WindowsException'{0x000000070506fe20}> (0x000000070506fe20) 
thrown [s\src\hotspot\share\prims\jni.cpp, line 517]
Event: 58.902 Thread 0x000001d086f864e0 Exception <a 'sun/nio/fs/WindowsException'{0x000000070533f988}> (0x000000070533f988) 
thrown [s\src\hotspot\share\prims\jni.cpp, line 517]
Event: 58.950 Thread 0x000001d086f864e0 Exception <a 'sun/nio/fs/WindowsException'{0x000000070533fb60}> (0x000000070533fb60) 
thrown [s\src\hotspot\share\prims\jni.cpp, line 517]
Event: 58.991 Thread 0x000001d086f864e0 Exception <a 'sun/nio/fs/WindowsException'{0x0000000705342ba0}> (0x0000000705342ba0) 
thrown [s\src\hotspot\share\prims\jni.cpp, line 517]
Event: 59.313 Thread 0x000001d084f0bbc0 Exception <a 'sun/nio/fs/WindowsException'{0x0000000706b08960}> (0x0000000706b08960) 
thrown [s\src\hotspot\share\prims\jni.cpp, line 517]
Event: 59.316 Thread 0x000001d084f0bbc0 Exception <a 'sun/nio/fs/WindowsException'{0x0000000706b08b28}> (0x0000000706b08b28) 
thrown [s\src\hotspot\share\prims\jni.cpp, line 517]
Event: 59.337 Thread 0x000001d084f0bbc0 Exception <a 'sun/nio/fs/WindowsException'{0x0000000706b0db18}> (0x0000000706b0db18) 
thrown [s\src\hotspot\share\prims\jni.cpp, line 517]

VM Operations (20 events):
Event: 58.669 Executing VM operation: G1Concurrent done
Event: 58.729 Executing VM operation: G1Concurrent
Event: 58.742 Executing VM operation: G1Concurrent done
Event: 58.803 Executing VM operation: G1CollectForAllocation
Event: 58.828 Executing VM operation: G1CollectForAllocation done
Event: 58.829 Executing VM operation: HandshakeAllThreads
Event: 58.843 Executing VM operation: HandshakeAllThreads done
Event: 59.018 Executing VM operation: G1CollectForAllocation
Event: 59.030 Executing VM operation: G1CollectForAllocation done
Event: 59.031 Executing VM operation: G1CollectForAllocation
Event: 59.038 Executing VM operation: G1CollectForAllocation done
Event: 59.203 Executing VM operation: G1Concurrent
Event: 59.221 Executing VM operation: G1Concurrent done
Event: 59.278 Executing VM operation: G1CollectForAllocation
Event: 59.289 Executing VM operation: G1CollectForAllocation done
Event: 59.292 Executing VM operation: G1Concurrent
Event: 59.302 Executing VM operation: G1Concurrent done
Event: 59.535 Executing VM operation: G1CollectForAllocation
Event: 59.552 Executing VM operation: G1CollectForAllocation done
Event: 59.552 Executing VM operation: G1CollectForAllocation

Events (20 events):
Event: 56.389 Thread 0x000001d084f0cf00 Thread added: 0x000001d084f0cf00
Event: 56.389 Thread 0x000001d084f0b6f0 Thread added: 0x000001d084f0b6f0
Event: 56.389 Thread 0x000001d084f0ad50 Thread added: 0x000001d084f0ad50
Event: 56.390 Thread 0x000001d084f0d8a0 Thread added: 0x000001d084f0d8a0
Event: 56.390 Thread 0x000001d084f0ebe0 Thread added: 0x000001d084f0ebe0
Event: 56.390 Thread 0x000001d084f0e710 Thread added: 0x000001d084f0e710
Event: 56.391 Thread 0x000001d084f0f0b0 Thread added: 0x000001d084f0f0b0
Event: 58.384 Thread 0x000001d084f0f580 Thread added: 0x000001d084f0f580
Event: 58.385 Thread 0x000001d084f0bbc0 Thread added: 0x000001d084f0bbc0
Event: 58.385 Thread 0x000001d084f0fa50 Thread added: 0x000001d084f0fa50
Event: 58.385 loading class java/nio/file/StandardCopyOption
Event: 58.386 loading class java/nio/file/StandardCopyOption done
Event: 58.386 Thread 0x000001d084f11c00 Thread added: 0x000001d084f11c00
Event: 58.387 Thread 0x000001d084f0ff20 Thread added: 0x000001d084f0ff20
Event: 58.392 loading class sun/nio/fs/WindowsFileCopy
Event: 58.393 loading class sun/nio/fs/WindowsFileCopy done
Event: 58.402 loading class sun/nio/fs/WindowsSecurity$Privilege
Event: 58.402 loading class sun/nio/fs/WindowsSecurity$Privilege done
Event: 58.611 Thread 0x000001d0fedb79a0 Thread added: 0x000001d0fedb79a0
Event: 58.612 Thread 0x000001d0fedb9800 Thread added: 0x000001d0fedb9800


Dynamic libraries:
0x00007ff7288d0000 - 0x00007ff7288da000 	C:\Program Files\Android\Android Studio\jbr\bin\java.exe
0x00007fff73060000 - 0x00007fff732c3000 	C:\WINDOWS\SYSTEM32\ntdll.dll
0x00007fff713e0000 - 0x00007fff714a7000 	C:\WINDOWS\System32\KERNEL32.DLL
0x00007fff70740000 - 0x00007fff70b07000 	C:\WINDOWS\System32\KERNELBASE.dll
0x00007fff704c0000 - 0x00007fff7060c000 	C:\WINDOWS\System32\ucrtbase.dll
0x00007fff61370000 - 0x00007fff6138b000 	C:\Program Files\Android\Android Studio\jbr\bin\VCRUNTIME140.dll
0x00007fff61390000 - 0x00007fff613a7000 	C:\Program Files\Android\Android Studio\jbr\bin\jli.dll
0x00007fff71010000 - 0x00007fff711d9000 	C:\WINDOWS\System32\USER32.dll
0x00007fff70b10000 - 0x00007fff70b37000 	C:\WINDOWS\System32\win32u.dll
0x00007fff52a80000 - 0x00007fff52d10000 	C:\WINDOWS\WinSxS\amd64_microsoft.windows.common-controls_6595b64144ccf1df_6.0.26100.3037_none_3e09262ce333c378\COMCTL32.dll
0x00007fff719c0000 - 0x00007fff719ea000 	C:\WINDOWS\System32\GDI32.dll
0x00007fff71280000 - 0x00007fff71329000 	C:\WINDOWS\System32\msvcrt.dll
0x00007fff70610000 - 0x00007fff7073b000 	C:\WINDOWS\System32\gdi32full.dll
0x00007fff70bd0000 - 0x00007fff70c73000 	C:\WINDOWS\System32\msvcp_win.dll
0x00007fff71cb0000 - 0x00007fff71cdf000 	C:\WINDOWS\System32\IMM32.DLL
0x00007fff610f0000 - 0x00007fff610fc000 	C:\Program Files\Android\Android Studio\jbr\bin\vcruntime140_1.dll
0x00007ffefa960000 - 0x00007ffefa9ed000 	C:\Program Files\Android\Android Studio\jbr\bin\msvcp140.dll
0x00007ffecadc0000 - 0x00007ffecba40000 	C:\Program Files\Android\Android Studio\jbr\bin\server\jvm.dll
0x00007fff71bf0000 - 0x00007fff71ca4000 	C:\WINDOWS\System32\ADVAPI32.dll
0x00007fff71330000 - 0x00007fff713d6000 	C:\WINDOWS\System32\sechost.dll
0x00007fff72180000 - 0x00007fff72296000 	C:\WINDOWS\System32\RPCRT4.dll
0x00007fff5e5b0000 - 0x00007fff5e5e6000 	C:\WINDOWS\SYSTEM32\WINMM.dll
0x00007fff610e0000 - 0x00007fff610ea000 	C:\WINDOWS\SYSTEM32\WSOCK32.dll
0x00007fff69af0000 - 0x00007fff69afb000 	C:\WINDOWS\SYSTEM32\VERSION.dll
0x00007fff70f20000 - 0x00007fff70f94000 	C:\WINDOWS\System32\WS2_32.dll
0x00007fff6f320000 - 0x00007fff6f33a000 	C:\WINDOWS\SYSTEM32\kernel.appcore.dll
0x00007fff4fe10000 - 0x00007fff4fe1a000 	C:\Program Files\Android\Android Studio\jbr\bin\jimage.dll
0x00007fff5b0b0000 - 0x00007fff5b2f1000 	C:\WINDOWS\SYSTEM32\DBGHELP.DLL
0x00007fff714c0000 - 0x00007fff7183e000 	C:\WINDOWS\System32\combase.dll
0x00007fff72c10000 - 0x00007fff72ce6000 	C:\WINDOWS\System32\OLEAUT32.dll
0x00007fff57150000 - 0x00007fff57189000 	C:\WINDOWS\SYSTEM32\dbgcore.DLL
0x00007fff70e00000 - 0x00007fff70e99000 	C:\WINDOWS\System32\bcryptPrimitives.dll
0x00007fff3c600000 - 0x00007fff3c60e000 	C:\Program Files\Android\Android Studio\jbr\bin\instrument.dll
0x00007fff19d40000 - 0x00007fff19d65000 	C:\Program Files\Android\Android Studio\jbr\bin\java.dll
0x00007fff3c630000 - 0x00007fff3c648000 	C:\Program Files\Android\Android Studio\jbr\bin\zip.dll
0x00007fff72500000 - 0x00007fff72c04000 	C:\WINDOWS\System32\SHELL32.dll
0x00007fff6e100000 - 0x00007fff6e937000 	C:\WINDOWS\SYSTEM32\windows.storage.dll
0x00007fff71850000 - 0x00007fff71939000 	C:\WINDOWS\System32\SHCORE.dll
0x00007fff72fc0000 - 0x00007fff7301d000 	C:\WINDOWS\System32\shlwapi.dll
0x00007fff70310000 - 0x00007fff7033e000 	C:\WINDOWS\SYSTEM32\profapi.dll
0x00007fff1aba0000 - 0x00007fff1abb9000 	C:\Program Files\Android\Android Studio\jbr\bin\net.dll
0x00007fff6c860000 - 0x00007fff6c97e000 	C:\WINDOWS\SYSTEM32\WINHTTP.dll
0x00007fff6f850000 - 0x00007fff6f8b8000 	C:\WINDOWS\system32\mswsock.dll
0x00007fff1a900000 - 0x00007fff1a916000 	C:\Program Files\Android\Android Studio\jbr\bin\nio.dll
0x00007fff4cdf0000 - 0x00007fff4ce00000 	C:\Program Files\Android\Android Studio\jbr\bin\verify.dll
0x00007fff14650000 - 0x00007fff14677000 	C:\Users\Praveen Chandra\.gradle\native\68d5fa5c4cc2d200863cafc0d521ce42e7d3e7ee720ec0a83991735586a16f82\windows-amd64\native-platform.dll
0x00007ffef9490000 - 0x00007ffef95d4000 	C:\Users\Praveen Chandra\.gradle\native\e376f236ea51e6404a007f0833ffe2c6e607c4080706a723a18a27aeea778392\windows-amd64\native-platform-file-events.dll
0x00007fff492c0000 - 0x00007fff492c9000 	C:\Program Files\Android\Android Studio\jbr\bin\management.dll
0x00007fff3cfd0000 - 0x00007fff3cfdb000 	C:\Program Files\Android\Android Studio\jbr\bin\management_ext.dll
0x00007fff714b0000 - 0x00007fff714b8000 	C:\WINDOWS\System32\PSAPI.DLL
0x00007fff6faf0000 - 0x00007fff6fb0c000 	C:\WINDOWS\SYSTEM32\CRYPTSP.dll
0x00007fff6f280000 - 0x00007fff6f2b8000 	C:\WINDOWS\system32\rsaenh.dll
0x00007fff6f8f0000 - 0x00007fff6f91b000 	C:\WINDOWS\SYSTEM32\USERENV.dll
0x00007fff6fd30000 - 0x00007fff6fd56000 	C:\WINDOWS\SYSTEM32\bcrypt.dll
0x00007fff6fb10000 - 0x00007fff6fb1c000 	C:\WINDOWS\SYSTEM32\CRYPTBASE.dll
0x00007fff6ecb0000 - 0x00007fff6ece2000 	C:\WINDOWS\SYSTEM32\IPHLPAPI.DLL
0x00007fff71270000 - 0x00007fff7127a000 	C:\WINDOWS\System32\NSI.dll
0x00007fff6c830000 - 0x00007fff6c84f000 	C:\WINDOWS\SYSTEM32\dhcpcsvc6.DLL
0x00007fff6c800000 - 0x00007fff6c825000 	C:\WINDOWS\SYSTEM32\dhcpcsvc.DLL
0x00007fff6eda0000 - 0x00007fff6eec5000 	C:\WINDOWS\SYSTEM32\DNSAPI.dll
0x00007fff15450000 - 0x00007fff15458000 	C:\WINDOWS\system32\wshunix.dll
0x00007fff6f460000 - 0x00007fff6f495000 	C:\WINDOWS\SYSTEM32\ntmarta.dll

dbghelp: loaded successfully - version: 4.0.5 - missing functions: none
symbol engine: initialized successfully - sym options: 0x614 - pdb path: .;C:\Program Files\Android\Android Studio\jbr\bin;C:\WINDOWS\SYSTEM32;C:\WINDOWS\WinSxS\amd64_microsoft.windows.common-controls_6595b64144ccf1df_6.0.26100.3037_none_3e09262ce333c378;C:\Program Files\Android\Android Studio\jbr\bin\server;C:\Users\Praveen Chandra\.gradle\native\68d5fa5c4cc2d200863cafc0d521ce42e7d3e7ee720ec0a83991735586a16f82\windows-amd64;C:\Users\Praveen Chandra\.gradle\native\e376f236ea51e6404a007f0833ffe2c6e607c4080706a723a18a27aeea778392\windows-amd64

VM Arguments:
jvm_args: -XX:MaxMetaspaceSize=2G -XX:+HeapDumpOnOutOfMemoryError --add-opens=java.base/java.util=ALL-UNNAMED --add-opens=java.base/java.lang=ALL-UNNAMED --add-opens=java.base/java.lang.invoke=ALL-UNNAMED --add-opens=java.prefs/java.util.prefs=ALL-UNNAMED --add-opens=java.base/java.nio.charset=ALL-UNNAMED --add-opens=java.base/java.net=ALL-UNNAMED --add-opens=java.base/java.util.concurrent.atomic=ALL-UNNAMED -Xmx4G -Dfile.encoding=windows-1252 -Duser.country=IN -Duser.language=en -Duser.variant -javaagent:C:\Users\Praveen Chandra\.gradle\wrapper\dists\gradle-8.3-all\6en3ugtfdg5xnpx44z4qbwgas\gradle-8.3\lib\agents\gradle-instrumentation-agent-8.3.jar 
java_command: org.gradle.launcher.daemon.bootstrap.GradleDaemon 8.3
java_class_path (initial): C:\Users\Praveen Chandra\.gradle\wrapper\dists\gradle-8.3-all\6en3ugtfdg5xnpx44z4qbwgas\gradle-8.3\lib\gradle-launcher-8.3.jar
Launcher Type: SUN_STANDARD

[Global flags]
     intx CICompilerCount                          = 4                                         {product} {ergonomic}
     uint ConcGCThreads                            = 3                                         {product} {ergonomic}
     uint G1ConcRefinementThreads                  = 10                                        {product} {ergonomic}
   size_t G1HeapRegionSize                         = 2097152                                   {product} {ergonomic}
    uintx GCDrainStackTargetSize                   = 64                                        {product} {ergonomic}
     bool HeapDumpOnOutOfMemoryError               = true                                   {manageable} {command line}
   size_t InitialHeapSize                          = 132120576                                 {product} {ergonomic}
   size_t MarkStackSize                            = 4194304                                   {product} {ergonomic}
   size_t MaxHeapSize                              = 4294967296                                {product} {command line}
   size_t MaxMetaspaceSize                         = 2147483648                                {product} {command line}
   size_t MaxNewSize                               = 2575302656                                {product} {ergonomic}
   size_t MinHeapDeltaBytes                        = 2097152                                   {product} {ergonomic}
   size_t MinHeapSize                              = 8388608                                   {product} {ergonomic}
    uintx NonNMethodCodeHeapSize                   = 5839372                                {pd product} {ergonomic}
    uintx NonProfiledCodeHeapSize                  = 122909434                              {pd product} {ergonomic}
    uintx ProfiledCodeHeapSize                     = 122909434                              {pd product} {ergonomic}
    uintx ReservedCodeCacheSize                    = 251658240                              {pd product} {ergonomic}
     bool SegmentedCodeCache                       = true                                      {product} {ergonomic}
   size_t SoftMaxHeapSize                          = 4294967296                             {manageable} {ergonomic}
     bool UseCompressedClassPointers               = true                           {product lp64_product} {ergonomic}
     bool UseCompressedOops                        = true                           {product lp64_product} {ergonomic}
     bool UseG1GC                                  = true                                      {product} {ergonomic}
     bool UseLargePagesIndividualAllocation        = false                                  {pd product} {ergonomic}

Logging:
Log output configuration:
 #0: stdout all=warning uptime,level,tags
 #1: stderr all=off uptime,level,tags

Environment Variables:
JAVA_HOME=C:\Program Files\Android\Android Studio\jbr
CLASSPATH=D:\Flutter\employee-manager\android\\gradle\wrapper\gradle-wrapper.jar
PATH=C:\Program Files\Android\Android Studio\jbr\bin;C:\Python311\Scripts\;C:\Python311\;C:\oraclexe\app\oracle\product\10.2.0\server\bin;C:\Program Files\Common Files\Oracle\Java\javapath;C:\Program Files (x86)\Common Files\Oracle\Java\java8path;C:\Program Files (x86)\Common Files\Oracle\Java\javapath;C:\Python310\Scripts\;C:\Python310\;C:\Windows\system32;C:\Windows;C:\Windows\System32\Wbem;C:\Windows\System32\WindowsPowerShell\v1.0\;C:\Windows\System32\OpenSSH\;C:\Program Files (x86)\NVIDIA Corporation\PhysX\Common;C:\Program Files\NVIDIA Corporation\NVIDIA NvDLISR;D:\src\flutter\platform-tools;D:\src\flutter\platforms;C:\WINDOWS\system32;C:\WINDOWS;C:\WINDOWS\System32\Wbem;C:\WINDOWS\System32\WindowsPowerShell\v1.0\;C:\WINDOWS\System32\OpenSSH\;C:\Program Files\Git\cmd;C:\Program Files\Java\jdk-17.0.1\bin;C:\ProgramData\chocolatey\bin;C:\Program Files\nodejs\;D:\src\flutter\bin;C:\Program Files\dotnet\;C:\Users\Praveen Chandra\AppData\Local\Microsoft\WindowsApps;E:\Microsoft VS Code\bin;E:\MinGW\bin;D:\src\flutter\bin;D:\src\flutter\bin\cache\dart-sdk\bin;C:\Program Files\Java\jdk-17.0.1\bin;C:\Program Files\MongoDB\Server\6.0\bin;C:\Program Files\MongoDB\Server\6.0;C:\Users\Praveen Chandra\AppData\Roaming\npm;C:\Program Files\nodejs;C:\Users\Praveen Chandra\AppData\Local\pip;C:\Users\Praveen Chandra\.dotnet\tools;C:\Program Files\dotnet;C:\Program Files\CMake\bin;;D:\src\flutter\bin\mingit\cmd;D:\src\flutter\bin\mingit\cmd
USERNAME=Praveen Chandra
OS=Windows_NT
PROCESSOR_IDENTIFIER=Intel64 Family 6 Model 165 Stepping 2, GenuineIntel
TMP=C:\Users\PRAVEE~1\AppData\Local\Temp
TEMP=C:\Users\PRAVEE~1\AppData\Local\Temp


JNI global refs:
JNI global refs: 29, weak refs: 55

JNI global refs memory usage: 843, weak refs: 1473

OOME stack traces (most recent first):
Classloader memory used:
Loader org.gradle.internal.classloader.VisitableURLClassLoader                         : 4669K
Loader bootstrap                                                                       : 2655K
Loader org.gradle.initialization.MixInLegacyTypesClassLoader                           : 1378K
Loader jdk.internal.loader.ClassLoaders$PlatformClassLoader                            : 66862B
Loader jdk.internal.reflect.DelegatingClassLoader                                      : 31178B
Loader jdk.internal.loader.ClassLoaders$AppClassLoader                                 : 28457B
Loader org.gradle.internal.classloader.VisitableURLClassLoader$InstrumentingVisitableURLClassLoader: 5675B
Loader org.gradle.groovy.scripts.internal.DefaultScriptCompilationHandler$ScriptClassLoader: 5076B
Loader org.codehaus.groovy.runtime.callsite.CallSiteClassLoader                        : 1879B
Loader sun.reflect.misc.MethodUtil                                                     : 373B

Classes loaded by more than one classloader:
Class Program                                                                         : loaded 3 times (x 70B)
Class org.gradle.internal.classpath.ClassPath                                         : loaded 2 times (x 68B)
Class org.gradle.api.internal.classpath.DefaultModuleRegistry                         : loaded 2 times (x 84B)
Class org.gradle.api.Action                                                           : loaded 2 times (x 68B)
Class org.gradle.api.internal.DefaultClassPathProvider                                : loaded 2 times (x 74B)
Class org.gradle.internal.installation.GradleInstallation$1                           : loaded 2 times (x 73B)
Class org.gradle.internal.classloader.FilteringClassLoader                            : loaded 2 times (x 102B)
Class org.gradle.internal.classpath.DefaultClassPath$ImmutableUniqueList$Builder      : loaded 2 times (x 73B)
Class org.gradle.internal.classloader.ClassLoaderVisitor                              : loaded 2 times (x 74B)
Class org.gradle.internal.service.DefaultServiceLocator                               : loaded 2 times (x 81B)
Class org.gradle.internal.service.UnknownServiceException                             : loaded 2 times (x 81B)
Class org.gradle.internal.classloader.DefaultClassLoaderFactory                       : loaded 2 times (x 80B)
Class org.gradle.internal.classloader.VisitableURLClassLoader$Spec                    : loaded 2 times (x 72B)
Class org.gradle.api.GradleException                                                  : loaded 2 times (x 80B)
Class org.gradle.api.internal.classpath.ModuleRegistry                                : loaded 2 times (x 68B)
Class org.gradle.api.internal.ClassPathProvider                                       : loaded 2 times (x 68B)
Class org.gradle.internal.classloader.ClasspathUtil$1                                 : loaded 2 times (x 74B)
Class org.gradle.internal.classloader.ClassLoaderFactory                              : loaded 2 times (x 68B)
Class org.gradle.api.internal.classpath.ManifestUtil                                  : loaded 2 times (x 69B)
Class org.gradle.api.specs.Spec                                                       : loaded 2 times (x 68B)
Class org.gradle.internal.IoActions                                                   : loaded 2 times (x 69B)
Class org.gradle.api.internal.classpath.EffectiveClassPath                            : loaded 2 times (x 88B)
Class org.gradle.internal.installation.CurrentGradleInstallation                      : loaded 2 times (x 71B)
Class org.gradle.internal.agents.InstrumentingClassLoader                             : loaded 2 times (x 68B)
Class org.gradle.internal.installation.CurrentGradleInstallationLocator               : loaded 2 times (x 69B)
Class org.gradle.api.internal.classpath.Module                                        : loaded 2 times (x 68B)
Class org.gradle.internal.service.CachingServiceLocator                               : loaded 2 times (x 80B)
Class org.gradle.internal.classpath.DefaultClassPath                                  : loaded 2 times (x 88B)
Class Build_gradle$1                                                                  : loaded 2 times (x 72B)
Class org.gradle.internal.classloader.SystemClassLoaderSpec                           : loaded 2 times (x 69B)
Class org.gradle.api.UncheckedIOException                                             : loaded 2 times (x 80B)
Class org.gradle.internal.installation.GradleInstallation                             : loaded 2 times (x 73B)
Class org.gradle.internal.classloader.ClasspathUtil                                   : loaded 2 times (x 69B)
Class org.gradle.api.internal.DefaultClassPathRegistry                                : loaded 2 times (x 74B)
Class org.gradle.api.internal.classpath.DefaultModuleRegistry$DefaultModule           : loaded 2 times (x 84B)
Class org.gradle.api.internal.classpath.UnknownModuleException                        : loaded 2 times (x 80B)
Class org.gradle.internal.service.ServiceLookupException                              : loaded 2 times (x 80B)
Class org.gradle.cache.GlobalCache                                                    : loaded 2 times (x 68B)
Class [Lorg.gradle.api.internal.ClassPathProvider;                                    : loaded 2 times (x 67B)
Class org.gradle.util.internal.GUtil                                                  : loaded 2 times (x 69B)
Class org.gradle.internal.classloader.ClassLoaderSpec                                 : loaded 2 times (x 69B)
Class org.gradle.internal.classloader.VisitableURLClassLoader                         : loaded 2 times (x 114B)
Class org.gradle.internal.Cast                                                        : loaded 2 times (x 69B)
Class Build_gradle                                                                    : loaded 2 times (x 128B)
Class org.gradle.api.internal.ClassPathRegistry                                       : loaded 2 times (x 68B)
Class org.gradle.internal.classloader.VisitableURLClassLoader$InstrumentingVisitableURLClassLoader: loaded 2 times (x 120B)
Class org.gradle.internal.classloader.ClassLoaderHierarchy                            : loaded 2 times (x 68B)
Class org.gradle.internal.InternalTransformer                                         : loaded 2 times (x 68B)
Class org.gradle.internal.service.ServiceLocator                                      : loaded 2 times (x 68B)
Class org.gradle.internal.classpath.DefaultClassPath$ImmutableUniqueList              : loaded 2 times (x 159B)
Class org.gradle.internal.classpath.TransformedClassPath                              : loaded 2 times (x 94B)


---------------  S Y S T E M  ---------------

OS:
 Windows 11 , 64 bit Build 26100 (10.0.26100.3037)
OS uptime: 3 days 23:04 hours
Hyper-V role detected

CPU: total 12 (initial active 12) (6 cores per cpu, 2 threads per core) family 6 model 165 stepping 2 microcode 0xe2, cx8, cmov, fxsr, ht, mmx, 3dnowpref, sse, sse2, sse3, ssse3, sse4.1, sse4.2, popcnt, lzcnt, tsc, tscinvbit, avx, avx2, aes, erms, clmul, bmi1, bmi2, adx, fma, vzeroupper, clflush, clflushopt, hv

Memory: 4k page, system-wide physical 8013M (815M free)
TotalPageFile size 14541M (AvailPageFile size 72M)
current process WorkingSet (physical memory assigned to process): 328M, peak: 331M
current process commit charge ("private bytes"): 382M, peak: 441M

vm_info: OpenJDK 64-Bit Server VM (17.0.7+0-b2043.56-10550314) for windows-amd64 JRE (17.0.7+0-b2043.56-10550314), built on Jul 24 2023 18:27:45 by "androidbuild" with MS VC++ 16.10 / 16.11 (VS2019)

END.
